2025-05-23 15:43:27,290 - root - INFO - setup_logging:41 - Logging initialized. Log file: ./logs/clean_stats_updater_20250523_154327.log
2025-05-23 15:43:27,290 - __main__ - INFO - create_output_directory:56 - Output directory ensured: ./filtered_data_parquet
2025-05-23 15:43:27,291 - __main__ - INFO - load_parquet_data:85 - Loading data from ./filtered_data_parquet/c.parquet
2025-05-23 15:43:29,187 - __main__ - INFO - load_parquet_data:89 - Successfully loaded 1752078 rows from ./filtered_data_parquet/c.parquet
2025-05-23 15:44:10,116 - __main__ - INFO - update_code_metrics_and_log:169 - Total number of rows in the dataset: 1752078
2025-05-23 15:44:10,116 - __main__ - INFO - update_code_metrics_and_log:170 - Average line count (mean over 'line_count'): 74.04
2025-05-23 15:44:10,116 - __main__ - INFO - update_code_metrics_and_log:171 - Average average line length (mean over 'avg_line_length'): 22.28
2025-05-23 15:44:10,116 - __main__ - INFO - save_parquet_data:116 - Saving 1752078 rows to ./filtered_data_parquet/c.parquet
2025-05-23 15:44:15,002 - __main__ - INFO - save_parquet_data:120 - Data saved successfully to ./filtered_data_parquet/c.parquet
2025-05-23 15:44:15,002 - __main__ - INFO - process_language_data:192 - Processing completed for C language.
2025-05-23 15:44:15,223 - __main__ - INFO - load_parquet_data:85 - Loading data from ./filtered_data_parquet/cpp.parquet
2025-05-23 15:44:17,597 - __main__ - INFO - load_parquet_data:89 - Successfully loaded 1769333 rows from ./filtered_data_parquet/cpp.parquet
2025-05-23 15:45:03,160 - __main__ - INFO - update_code_metrics_and_log:169 - Total number of rows in the dataset: 1769333
2025-05-23 15:45:03,160 - __main__ - INFO - update_code_metrics_and_log:170 - Average line count (mean over 'line_count'): 103.07
2025-05-23 15:45:03,160 - __main__ - INFO - update_code_metrics_and_log:171 - Average average line length (mean over 'avg_line_length'): 23.33
2025-05-23 15:45:03,160 - __main__ - INFO - save_parquet_data:116 - Saving 1769333 rows to ./filtered_data_parquet/cpp.parquet
2025-05-23 15:45:10,091 - __main__ - INFO - save_parquet_data:120 - Data saved successfully to ./filtered_data_parquet/cpp.parquet
2025-05-23 15:45:10,091 - __main__ - INFO - process_language_data:192 - Processing completed for CPP language.
2025-05-23 15:45:10,355 - __main__ - INFO - load_parquet_data:85 - Loading data from ./filtered_data_parquet/c-sharp.parquet
2025-05-23 15:45:12,123 - __main__ - INFO - load_parquet_data:89 - Successfully loaded 1763508 rows from ./filtered_data_parquet/c-sharp.parquet
2025-05-23 15:45:51,573 - __main__ - INFO - update_code_metrics_and_log:169 - Total number of rows in the dataset: 1763508
2025-05-23 15:45:51,573 - __main__ - INFO - update_code_metrics_and_log:170 - Average line count (mean over 'line_count'): 51.04
2025-05-23 15:45:51,573 - __main__ - INFO - update_code_metrics_and_log:171 - Average average line length (mean over 'avg_line_length'): 25.40
2025-05-23 15:45:51,573 - __main__ - INFO - save_parquet_data:116 - Saving 1763508 rows to ./filtered_data_parquet/c-sharp.parquet
2025-05-23 15:45:56,154 - __main__ - INFO - save_parquet_data:120 - Data saved successfully to ./filtered_data_parquet/c-sharp.parquet
2025-05-23 15:45:56,155 - __main__ - INFO - process_language_data:192 - Processing completed for C-SHARP language.
2025-05-23 15:45:56,579 - __main__ - INFO - load_parquet_data:85 - Loading data from ./filtered_data_parquet/go.parquet
2025-05-23 15:45:58,530 - __main__ - INFO - load_parquet_data:89 - Successfully loaded 1751120 rows from ./filtered_data_parquet/go.parquet
2025-05-23 15:46:40,955 - __main__ - INFO - update_code_metrics_and_log:169 - Total number of rows in the dataset: 1751120
2025-05-23 15:46:40,955 - __main__ - INFO - update_code_metrics_and_log:170 - Average line count (mean over 'line_count'): 81.30
2025-05-23 15:46:40,955 - __main__ - INFO - update_code_metrics_and_log:171 - Average average line length (mean over 'avg_line_length'): 20.51
2025-05-23 15:46:40,955 - __main__ - INFO - save_parquet_data:116 - Saving 1751120 rows to ./filtered_data_parquet/go.parquet
2025-05-23 15:46:46,069 - __main__ - INFO - save_parquet_data:120 - Data saved successfully to ./filtered_data_parquet/go.parquet
2025-05-23 15:46:46,069 - __main__ - INFO - process_language_data:192 - Processing completed for GO language.
2025-05-23 15:46:46,289 - __main__ - INFO - load_parquet_data:85 - Loading data from ./filtered_data_parquet/java.parquet
2025-05-23 15:46:48,080 - __main__ - INFO - load_parquet_data:89 - Successfully loaded 1779659 rows from ./filtered_data_parquet/java.parquet
2025-05-23 15:47:29,123 - __main__ - INFO - update_code_metrics_and_log:169 - Total number of rows in the dataset: 1779659
2025-05-23 15:47:29,123 - __main__ - INFO - update_code_metrics_and_log:170 - Average line count (mean over 'line_count'): 64.11
2025-05-23 15:47:29,123 - __main__ - INFO - update_code_metrics_and_log:171 - Average average line length (mean over 'avg_line_length'): 25.08
2025-05-23 15:47:29,123 - __main__ - INFO - save_parquet_data:116 - Saving 1779659 rows to ./filtered_data_parquet/java.parquet
2025-05-23 15:47:33,846 - __main__ - INFO - save_parquet_data:120 - Data saved successfully to ./filtered_data_parquet/java.parquet
2025-05-23 15:47:33,846 - __main__ - INFO - process_language_data:192 - Processing completed for JAVA language.
2025-05-23 15:47:34,101 - __main__ - INFO - load_parquet_data:85 - Loading data from ./filtered_data_parquet/javascript.parquet
2025-05-23 15:47:35,491 - __main__ - INFO - load_parquet_data:89 - Successfully loaded 1718133 rows from ./filtered_data_parquet/javascript.parquet
2025-05-23 15:48:14,568 - __main__ - INFO - update_code_metrics_and_log:169 - Total number of rows in the dataset: 1718133
2025-05-23 15:48:14,568 - __main__ - INFO - update_code_metrics_and_log:170 - Average line count (mean over 'line_count'): 50.74
2025-05-23 15:48:14,568 - __main__ - INFO - update_code_metrics_and_log:171 - Average average line length (mean over 'avg_line_length'): 23.04
2025-05-23 15:48:14,568 - __main__ - INFO - save_parquet_data:116 - Saving 1718133 rows to ./filtered_data_parquet/javascript.parquet
2025-05-23 15:48:18,075 - __main__ - INFO - save_parquet_data:120 - Data saved successfully to ./filtered_data_parquet/javascript.parquet
2025-05-23 15:48:18,075 - __main__ - INFO - process_language_data:192 - Processing completed for JAVASCRIPT language.
2025-05-23 15:48:18,251 - __main__ - INFO - load_parquet_data:85 - Loading data from ./filtered_data_parquet/python.parquet
2025-05-23 15:48:20,195 - __main__ - INFO - load_parquet_data:89 - Successfully loaded 1764099 rows from ./filtered_data_parquet/python.parquet
2025-05-23 15:49:02,647 - __main__ - INFO - update_code_metrics_and_log:169 - Total number of rows in the dataset: 1764099
2025-05-23 15:49:02,648 - __main__ - INFO - update_code_metrics_and_log:170 - Average line count (mean over 'line_count'): 65.67
2025-05-23 15:49:02,648 - __main__ - INFO - update_code_metrics_and_log:171 - Average average line length (mean over 'avg_line_length'): 26.29
2025-05-23 15:49:02,648 - __main__ - INFO - save_parquet_data:116 - Saving 1764099 rows to ./filtered_data_parquet/python.parquet
2025-05-23 15:49:08,183 - __main__ - INFO - save_parquet_data:120 - Data saved successfully to ./filtered_data_parquet/python.parquet
2025-05-23 15:49:08,183 - __main__ - INFO - process_language_data:192 - Processing completed for PYTHON language.
2025-05-23 15:49:08,398 - __main__ - INFO - load_parquet_data:85 - Loading data from ./filtered_data_parquet/ruby.parquet
2025-05-23 15:49:09,388 - __main__ - INFO - load_parquet_data:89 - Successfully loaded 1756771 rows from ./filtered_data_parquet/ruby.parquet
2025-05-23 15:49:47,062 - __main__ - INFO - update_code_metrics_and_log:169 - Total number of rows in the dataset: 1756771
2025-05-23 15:49:47,062 - __main__ - INFO - update_code_metrics_and_log:170 - Average line count (mean over 'line_count'): 33.38
2025-05-23 15:49:47,062 - __main__ - INFO - update_code_metrics_and_log:171 - Average average line length (mean over 'avg_line_length'): 21.87
2025-05-23 15:49:47,062 - __main__ - INFO - save_parquet_data:116 - Saving 1756771 rows to ./filtered_data_parquet/ruby.parquet
2025-05-23 15:49:49,428 - __main__ - INFO - save_parquet_data:120 - Data saved successfully to ./filtered_data_parquet/ruby.parquet
2025-05-23 15:49:49,428 - __main__ - INFO - process_language_data:192 - Processing completed for RUBY language.
2025-05-23 15:49:49,553 - __main__ - INFO - load_parquet_data:85 - Loading data from ./filtered_data_parquet/scala.parquet
2025-05-23 15:49:50,642 - __main__ - INFO - load_parquet_data:89 - Successfully loaded 952890 rows from ./filtered_data_parquet/scala.parquet
2025-05-23 15:50:12,242 - __main__ - INFO - update_code_metrics_and_log:169 - Total number of rows in the dataset: 952890
2025-05-23 15:50:12,242 - __main__ - INFO - update_code_metrics_and_log:170 - Average line count (mean over 'line_count'): 53.44
2025-05-23 15:50:12,242 - __main__ - INFO - update_code_metrics_and_log:171 - Average average line length (mean over 'avg_line_length'): 27.97
2025-05-23 15:50:12,242 - __main__ - INFO - save_parquet_data:116 - Saving 952890 rows to ./filtered_data_parquet/scala.parquet
2025-05-23 15:50:14,565 - __main__ - INFO - save_parquet_data:120 - Data saved successfully to ./filtered_data_parquet/scala.parquet
2025-05-23 15:50:14,565 - __main__ - INFO - process_language_data:192 - Processing completed for SCALA language.
2025-05-23 15:50:14,670 - __main__ - INFO - load_parquet_data:85 - Loading data from ./filtered_data_parquet/typescript.parquet
2025-05-23 15:50:15,921 - __main__ - INFO - load_parquet_data:89 - Successfully loaded 1738885 rows from ./filtered_data_parquet/typescript.parquet
2025-05-23 15:50:55,642 - __main__ - INFO - update_code_metrics_and_log:169 - Total number of rows in the dataset: 1738885
2025-05-23 15:50:55,642 - __main__ - INFO - update_code_metrics_and_log:170 - Average line count (mean over 'line_count'): 42.90
2025-05-23 15:50:55,642 - __main__ - INFO - update_code_metrics_and_log:171 - Average average line length (mean over 'avg_line_length'): 23.82
2025-05-23 15:50:55,642 - __main__ - INFO - save_parquet_data:116 - Saving 1738885 rows to ./filtered_data_parquet/typescript.parquet
2025-05-23 15:50:58,674 - __main__ - INFO - save_parquet_data:120 - Data saved successfully to ./filtered_data_parquet/typescript.parquet
2025-05-23 15:50:58,674 - __main__ - INFO - process_language_data:192 - Processing completed for TYPESCRIPT language.
2025-05-23 15:50:58,831 - __main__ - INFO - main:215 - All languages processed successfully
