2025-05-27 13:33:20,532 - root - INFO - setup_logging:41 - Logging initialized. Log file: ./logs/clean_stats_updater_20250527_133320.log
2025-05-27 13:33:20,533 - __main__ - INFO - create_output_directory:56 - Output directory ensured: ./filtered_data_parquet
2025-05-27 13:33:20,533 - __main__ - INFO - load_parquet_data:85 - Loading data from ./filtered_data_parquet/c.parquet
2025-05-27 13:33:22,857 - __main__ - INFO - load_parquet_data:89 - Successfully loaded 1752078 rows from ./filtered_data_parquet/c.parquet
2025-05-27 13:34:08,664 - __main__ - INFO - update_code_metrics_and_log:183 - Total number of rows in the dataset: 1752078
2025-05-27 13:34:08,664 - __main__ - INFO - update_code_metrics_and_log:184 - Average line count (mean over 'line_count'): 61.85
2025-05-27 13:34:08,664 - __main__ - INFO - update_code_metrics_and_log:185 - Average average line length (mean over 'avg_line_length'): 28.07
2025-05-27 13:34:08,665 - __main__ - INFO - save_parquet_data:116 - Saving 1752078 rows to ./filtered_data_parquet/c.parquet
2025-05-27 13:34:13,806 - __main__ - INFO - save_parquet_data:120 - Data saved successfully to ./filtered_data_parquet/c.parquet
2025-05-27 13:34:13,806 - __main__ - INFO - process_language_data:206 - Processing completed for C language.
2025-05-27 13:34:14,054 - __main__ - INFO - load_parquet_data:85 - Loading data from ./filtered_data_parquet/cpp.parquet
2025-05-27 13:34:16,883 - __main__ - INFO - load_parquet_data:89 - Successfully loaded 1769333 rows from ./filtered_data_parquet/cpp.parquet
2025-05-27 13:35:10,810 - __main__ - INFO - update_code_metrics_and_log:183 - Total number of rows in the dataset: 1769333
2025-05-27 13:35:10,810 - __main__ - INFO - update_code_metrics_and_log:184 - Average line count (mean over 'line_count'): 87.99
2025-05-27 13:35:10,810 - __main__ - INFO - update_code_metrics_and_log:185 - Average average line length (mean over 'avg_line_length'): 28.16
2025-05-27 13:35:10,810 - __main__ - INFO - save_parquet_data:116 - Saving 1769333 rows to ./filtered_data_parquet/cpp.parquet
2025-05-27 13:35:18,096 - __main__ - INFO - save_parquet_data:120 - Data saved successfully to ./filtered_data_parquet/cpp.parquet
2025-05-27 13:35:18,097 - __main__ - INFO - process_language_data:206 - Processing completed for CPP language.
2025-05-27 13:35:18,413 - __main__ - INFO - load_parquet_data:85 - Loading data from ./filtered_data_parquet/c-sharp.parquet
2025-05-27 13:35:20,573 - __main__ - INFO - load_parquet_data:89 - Successfully loaded 1763508 rows from ./filtered_data_parquet/c-sharp.parquet
2025-05-27 13:36:05,692 - __main__ - INFO - update_code_metrics_and_log:183 - Total number of rows in the dataset: 1763508
2025-05-27 13:36:05,692 - __main__ - INFO - update_code_metrics_and_log:184 - Average line count (mean over 'line_count'): 44.29
2025-05-27 13:36:05,692 - __main__ - INFO - update_code_metrics_and_log:185 - Average average line length (mean over 'avg_line_length'): 29.53
2025-05-27 13:36:05,692 - __main__ - INFO - save_parquet_data:116 - Saving 1763508 rows to ./filtered_data_parquet/c-sharp.parquet
2025-05-27 13:36:10,263 - __main__ - INFO - save_parquet_data:120 - Data saved successfully to ./filtered_data_parquet/c-sharp.parquet
2025-05-27 13:36:10,263 - __main__ - INFO - process_language_data:206 - Processing completed for C-SHARP language.
2025-05-27 13:36:10,729 - __main__ - INFO - load_parquet_data:85 - Loading data from ./filtered_data_parquet/go.parquet
2025-05-27 13:36:12,887 - __main__ - INFO - load_parquet_data:89 - Successfully loaded 1751120 rows from ./filtered_data_parquet/go.parquet
2025-05-27 13:37:02,908 - __main__ - INFO - update_code_metrics_and_log:183 - Total number of rows in the dataset: 1751120
2025-05-27 13:37:02,909 - __main__ - INFO - update_code_metrics_and_log:184 - Average line count (mean over 'line_count'): 68.26
2025-05-27 13:37:02,909 - __main__ - INFO - update_code_metrics_and_log:185 - Average average line length (mean over 'avg_line_length'): 25.18
2025-05-27 13:37:02,909 - __main__ - INFO - save_parquet_data:116 - Saving 1751120 rows to ./filtered_data_parquet/go.parquet
2025-05-27 13:37:08,259 - __main__ - INFO - save_parquet_data:120 - Data saved successfully to ./filtered_data_parquet/go.parquet
2025-05-27 13:37:08,259 - __main__ - INFO - process_language_data:206 - Processing completed for GO language.
2025-05-27 13:37:08,481 - __main__ - INFO - load_parquet_data:85 - Loading data from ./filtered_data_parquet/java.parquet
2025-05-27 13:37:10,550 - __main__ - INFO - load_parquet_data:89 - Successfully loaded 1779659 rows from ./filtered_data_parquet/java.parquet
2025-05-27 13:37:58,517 - __main__ - INFO - update_code_metrics_and_log:183 - Total number of rows in the dataset: 1779659
2025-05-27 13:37:58,517 - __main__ - INFO - update_code_metrics_and_log:184 - Average line count (mean over 'line_count'): 54.35
2025-05-27 13:37:58,517 - __main__ - INFO - update_code_metrics_and_log:185 - Average average line length (mean over 'avg_line_length'): 30.84
2025-05-27 13:37:58,517 - __main__ - INFO - save_parquet_data:116 - Saving 1779659 rows to ./filtered_data_parquet/java.parquet
2025-05-27 13:38:03,362 - __main__ - INFO - save_parquet_data:120 - Data saved successfully to ./filtered_data_parquet/java.parquet
2025-05-27 13:38:03,362 - __main__ - INFO - process_language_data:206 - Processing completed for JAVA language.
2025-05-27 13:38:03,629 - __main__ - INFO - load_parquet_data:85 - Loading data from ./filtered_data_parquet/javascript.parquet
2025-05-27 13:38:05,159 - __main__ - INFO - load_parquet_data:89 - Successfully loaded 1718133 rows from ./filtered_data_parquet/javascript.parquet
2025-05-27 13:38:48,245 - __main__ - INFO - update_code_metrics_and_log:183 - Total number of rows in the dataset: 1718133
2025-05-27 13:38:48,246 - __main__ - INFO - update_code_metrics_and_log:184 - Average line count (mean over 'line_count'): 44.07
2025-05-27 13:38:48,246 - __main__ - INFO - update_code_metrics_and_log:185 - Average average line length (mean over 'avg_line_length'): 27.68
2025-05-27 13:38:48,246 - __main__ - INFO - save_parquet_data:116 - Saving 1718133 rows to ./filtered_data_parquet/javascript.parquet
2025-05-27 13:38:51,929 - __main__ - INFO - save_parquet_data:120 - Data saved successfully to ./filtered_data_parquet/javascript.parquet
2025-05-27 13:38:51,929 - __main__ - INFO - process_language_data:206 - Processing completed for JAVASCRIPT language.
2025-05-27 13:38:52,108 - __main__ - INFO - load_parquet_data:85 - Loading data from ./filtered_data_parquet/python.parquet
2025-05-27 13:38:54,257 - __main__ - INFO - load_parquet_data:89 - Successfully loaded 1764099 rows from ./filtered_data_parquet/python.parquet
2025-05-27 13:39:40,721 - __main__ - INFO - update_code_metrics_and_log:183 - Total number of rows in the dataset: 1764099
2025-05-27 13:39:40,721 - __main__ - INFO - update_code_metrics_and_log:184 - Average line count (mean over 'line_count'): 54.66
2025-05-27 13:39:40,721 - __main__ - INFO - update_code_metrics_and_log:185 - Average average line length (mean over 'avg_line_length'): 32.68
2025-05-27 13:39:40,721 - __main__ - INFO - save_parquet_data:116 - Saving 1764099 rows to ./filtered_data_parquet/python.parquet
2025-05-27 13:39:46,345 - __main__ - INFO - save_parquet_data:120 - Data saved successfully to ./filtered_data_parquet/python.parquet
2025-05-27 13:39:46,345 - __main__ - INFO - process_language_data:206 - Processing completed for PYTHON language.
2025-05-27 13:39:46,560 - __main__ - INFO - load_parquet_data:85 - Loading data from ./filtered_data_parquet/ruby.parquet
2025-05-27 13:39:47,596 - __main__ - INFO - load_parquet_data:89 - Successfully loaded 1756771 rows from ./filtered_data_parquet/ruby.parquet
2025-05-27 13:40:27,824 - __main__ - INFO - update_code_metrics_and_log:183 - Total number of rows in the dataset: 1756771
2025-05-27 13:40:27,824 - __main__ - INFO - update_code_metrics_and_log:184 - Average line count (mean over 'line_count'): 27.34
2025-05-27 13:40:27,824 - __main__ - INFO - update_code_metrics_and_log:185 - Average average line length (mean over 'avg_line_length'): 27.35
2025-05-27 13:40:27,824 - __main__ - INFO - save_parquet_data:116 - Saving 1756771 rows to ./filtered_data_parquet/ruby.parquet
2025-05-27 13:40:30,285 - __main__ - INFO - save_parquet_data:120 - Data saved successfully to ./filtered_data_parquet/ruby.parquet
2025-05-27 13:40:30,285 - __main__ - INFO - process_language_data:206 - Processing completed for RUBY language.
2025-05-27 13:40:30,410 - __main__ - INFO - load_parquet_data:85 - Loading data from ./filtered_data_parquet/scala.parquet
2025-05-27 13:40:31,740 - __main__ - INFO - load_parquet_data:89 - Successfully loaded 952890 rows from ./filtered_data_parquet/scala.parquet
2025-05-27 13:40:55,900 - __main__ - INFO - update_code_metrics_and_log:183 - Total number of rows in the dataset: 952890
2025-05-27 13:40:55,900 - __main__ - INFO - update_code_metrics_and_log:184 - Average line count (mean over 'line_count'): 44.38
2025-05-27 13:40:55,900 - __main__ - INFO - update_code_metrics_and_log:185 - Average average line length (mean over 'avg_line_length'): 35.30
2025-05-27 13:40:55,900 - __main__ - INFO - save_parquet_data:116 - Saving 952890 rows to ./filtered_data_parquet/scala.parquet
2025-05-27 13:40:58,315 - __main__ - INFO - save_parquet_data:120 - Data saved successfully to ./filtered_data_parquet/scala.parquet
2025-05-27 13:40:58,315 - __main__ - INFO - process_language_data:206 - Processing completed for SCALA language.
2025-05-27 13:40:58,420 - __main__ - INFO - load_parquet_data:85 - Loading data from ./filtered_data_parquet/typescript.parquet
2025-05-27 13:40:59,715 - __main__ - INFO - load_parquet_data:89 - Successfully loaded 1738885 rows from ./filtered_data_parquet/typescript.parquet
2025-05-27 13:41:42,520 - __main__ - INFO - update_code_metrics_and_log:183 - Total number of rows in the dataset: 1738885
2025-05-27 13:41:42,520 - __main__ - INFO - update_code_metrics_and_log:184 - Average line count (mean over 'line_count'): 36.84
2025-05-27 13:41:42,520 - __main__ - INFO - update_code_metrics_and_log:185 - Average average line length (mean over 'avg_line_length'): 29.17
2025-05-27 13:41:42,520 - __main__ - INFO - save_parquet_data:116 - Saving 1738885 rows to ./filtered_data_parquet/typescript.parquet
2025-05-27 13:41:45,677 - __main__ - INFO - save_parquet_data:120 - Data saved successfully to ./filtered_data_parquet/typescript.parquet
2025-05-27 13:41:45,678 - __main__ - INFO - process_language_data:206 - Processing completed for TYPESCRIPT language.
2025-05-27 13:41:45,844 - __main__ - INFO - main:229 - All languages processed successfully
