2025-05-14 18:51:46,797 - INFO - Logging initialized. Log file: ./logs/data_filter_20250514_185146.log
2025-05-14 18:51:46,797 - INFO - Processing partition 1 of 4
2025-05-14 18:51:46,798 - INFO - Number of languages currently filtering: 3
2025-05-14 18:51:46,798 - INFO - Languages included:
2025-05-14 18:51:46,798 - INFO -   - C
2025-05-14 18:51:46,798 - INFO -   - CPP
2025-05-14 18:51:46,798 - INFO -   - C-SHARP
2025-05-14 18:51:46,798 - INFO - Working with C language...
2025-05-14 18:51:55,230 - INFO -   - Successfully loaded the code data.
2025-05-14 18:52:02,609 - INFO -   - Data shuffling completed.
2025-05-14 19:04:28,613 - INFO -   - 'avg_line_length' feature added to the dataset.
2025-05-14 19:05:04,710 - INFO -   - Data slicing completed.
2025-05-14 19:05:04,711 - INFO -   - Working with data statistics and filtering based on it.
2025-05-14 19:05:06,952 - INFO - Statistics for avg_line_length:
count    2.500000e+06
mean     2.701190e+01
std      1.015274e+01
min      7.500000e-01
25%      2.009091e+01
50%      2.571429e+01
75%      3.204724e+01
max      1.510000e+02
Name: avg_line_length, dtype: float64
2025-05-14 19:05:08,720 - INFO - Box plot for average line length saved to ./graphs/C_box_plot_avg_line_length.png
2025-05-14 19:05:08,777 - INFO - Number of outliers identified: 67286
2025-05-14 19:05:08,778 - INFO - Dropping outliers from the dataset.
2025-05-14 19:05:08,908 - INFO - Statistics for avg_line_length after outlier removal:
count    2.432714e+06
mean     2.604916e+01
std      8.237789e+00
min      2.157895e+00
25%      1.992308e+01
50%      2.542000e+01
75%      3.143023e+01
max      4.998164e+01
Name: avg_line_length, dtype: float64
2025-05-14 19:05:23,655 - INFO - 'line_count' feature added to the dataset.
2025-05-14 19:05:23,683 - INFO - Statistics for line_count:
count    2.432714e+06
mean     1.901332e+02
std      7.182757e+02
min      1.000000e+00
25%      2.800000e+01
50%      6.000000e+01
75%      1.470000e+02
max      1.609290e+05
Name: line_count, dtype: float64
2025-05-14 19:05:23,879 - INFO - Distribution of code lengths saved to ./graphs/C_distribution_of_code_lengths.png
2025-05-14 19:05:24,038 - INFO - Statistics comparison for 'avg_line_length' and 'line_count' before and after filtering:
2025-05-14 19:05:24,109 - INFO - BEFORE: 
       avg_line_length    line_count
count     2.432714e+06  2.432714e+06
mean      2.604916e+01  1.901332e+02
std       8.237789e+00  7.182757e+02
min       2.157895e+00  1.000000e+00
25%       1.992308e+01  2.800000e+01
50%       2.542000e+01  6.000000e+01
75%       3.143023e+01  1.470000e+02
max       4.998164e+01  1.609290e+05
2025-05-14 19:05:24,158 - INFO - AFTER: 
       avg_line_length    line_count
count     1.751894e+06  1.751894e+06
mean      2.254769e+01  7.447755e+01
std       5.721596e+00  7.537303e+01
min       2.157895e+00  1.000000e+00
25%       1.822901e+01  2.300000e+01
50%       2.276923e+01  4.500000e+01
75%       2.716264e+01  9.700000e+01
max       3.267391e+01  3.690000e+02
2025-05-14 19:05:42,768 - INFO -   - Data filtered successfully.
2025-05-14 19:05:42,769 - INFO -   - Writing filtered data to disk.
2025-05-14 19:05:53,370 - INFO -   - Data successfully saved at ./filtered_data/c.json.
2025-05-14 19:05:53,371 - INFO - Working with CPP language...
2025-05-14 19:06:02,417 - INFO -   - Successfully loaded the code data.
2025-05-14 19:06:08,305 - INFO -   - Data shuffling completed.
2025-05-14 19:18:33,296 - INFO -   - 'avg_line_length' feature added to the dataset.
2025-05-14 19:19:17,120 - INFO -   - Data slicing completed.
2025-05-14 19:19:17,120 - INFO -   - Working with data statistics and filtering based on it.
2025-05-14 19:19:20,172 - INFO - Statistics for avg_line_length:
count    2.500000e+06
mean     2.739527e+01
std      8.888395e+00
min      5.731707e-01
25%      2.130952e+01
50%      2.676923e+01
75%      3.247500e+01
max      1.230000e+02
Name: avg_line_length, dtype: float64
2025-05-14 19:19:21,414 - INFO - Box plot for average line length saved to ./graphs/CPP_box_plot_avg_line_length.png
2025-05-14 19:19:21,466 - INFO - Number of outliers identified: 42805
2025-05-14 19:19:21,466 - INFO - Dropping outliers from the dataset.
2025-05-14 19:19:21,596 - INFO - Statistics for avg_line_length after outlier removal:
count    2.457195e+06
mean     2.685046e+01
std      7.796910e+00
min      4.571429e+00
25%      2.120833e+01
50%      2.659341e+01
75%      3.213233e+01
max      4.922321e+01
Name: avg_line_length, dtype: float64
2025-05-14 19:19:40,050 - INFO - 'line_count' feature added to the dataset.
2025-05-14 19:19:40,081 - INFO - Statistics for line_count:
count    2.457195e+06
mean     2.279090e+02
std      7.234772e+02
min      1.000000e+00
25%      4.200000e+01
50%      9.100000e+01
75%      2.100000e+02
max      1.729360e+05
Name: line_count, dtype: float64
2025-05-14 19:19:40,566 - INFO - Distribution of code lengths saved to ./graphs/CPP_distribution_of_code_lengths.png
2025-05-14 19:19:40,714 - INFO - Statistics comparison for 'avg_line_length' and 'line_count' before and after filtering:
2025-05-14 19:19:40,789 - INFO - BEFORE: 
       avg_line_length    line_count
count     2.457195e+06  2.457195e+06
mean      2.685046e+01  2.279090e+02
std       7.796910e+00  7.234772e+02
min       4.571429e+00  1.000000e+00
25%       2.120833e+01  4.200000e+01
50%       2.659341e+01  9.100000e+01
75%       3.213233e+01  2.100000e+02
max       4.922321e+01  1.729360e+05
2025-05-14 19:19:40,842 - INFO - AFTER: 
       avg_line_length    line_count
count     1.769514e+06  1.769514e+06
mean      2.350862e+01  1.035908e+02
std       5.626522e+00  9.739894e+01
min       4.571429e+00  1.000000e+00
25%       1.946809e+01  3.400000e+01
50%       2.395238e+01  6.800000e+01
75%       2.806000e+01  1.390000e+02
max       3.291837e+01  4.660000e+02
2025-05-14 19:19:59,949 - INFO -   - Data filtered successfully.
2025-05-14 19:19:59,949 - INFO -   - Writing filtered data to disk.
2025-05-14 19:20:13,394 - INFO -   - Data successfully saved at ./filtered_data/cpp.json.
2025-05-14 19:20:13,394 - INFO - Working with C-SHARP language...
2025-05-14 19:20:25,394 - INFO -   - Successfully loaded the code data.
2025-05-14 19:20:35,204 - INFO -   - Data shuffling completed.
2025-05-14 19:39:49,902 - INFO -   - 'avg_line_length' feature added to the dataset.
2025-05-14 19:40:18,660 - INFO -   - Data slicing completed.
2025-05-14 19:40:18,661 - INFO -   - Working with data statistics and filtering based on it.
2025-05-14 19:40:20,866 - INFO - Statistics for avg_line_length:
count    2.500000e+06
mean     3.005868e+01
std      9.316991e+00
min      2.000000e+00
25%      2.365385e+01
50%      2.912727e+01
75%      3.517241e+01
max      1.385000e+02
Name: avg_line_length, dtype: float64
2025-05-14 19:40:22,074 - INFO - Box plot for average line length saved to ./graphs/C-SHARP_box_plot_avg_line_length.png
2025-05-14 19:40:22,119 - INFO - Number of outliers identified: 52424
2025-05-14 19:40:22,119 - INFO - Dropping outliers from the dataset.
2025-05-14 19:40:22,252 - INFO - Statistics for avg_line_length after outlier removal:
count    2.447576e+06
mean     2.939802e+01
std      8.112432e+00
min      6.384615e+00
25%      2.352941e+01
50%      2.890625e+01
75%      3.472000e+01
max      5.245000e+01
Name: avg_line_length, dtype: float64
2025-05-14 19:40:33,754 - INFO - 'line_count' feature added to the dataset.
2025-05-14 19:40:33,783 - INFO - Statistics for line_count:
count    2.447576e+06
mean     1.088070e+02
std      3.431485e+02
min      1.000000e+00
25%      2.300000e+01
50%      4.800000e+01
75%      1.050000e+02
max      6.555600e+04
Name: line_count, dtype: float64
2025-05-14 19:40:34,074 - INFO - Distribution of code lengths saved to ./graphs/C-SHARP_distribution_of_code_lengths.png
2025-05-14 19:40:34,217 - INFO - Statistics comparison for 'avg_line_length' and 'line_count' before and after filtering:
2025-05-14 19:40:34,287 - INFO - BEFORE: 
       avg_line_length    line_count
count     2.447576e+06  2.447576e+06
mean      2.939802e+01  1.088070e+02
std       8.112432e+00  3.431485e+02
min       6.384615e+00  1.000000e+00
25%       2.352941e+01  2.300000e+01
50%       2.890625e+01  4.800000e+01
75%       3.472000e+01  1.050000e+02
max       5.245000e+01  6.555600e+04
2025-05-14 19:40:34,344 - INFO - AFTER: 
       avg_line_length    line_count
count     1.762960e+06  1.762960e+06
mean      2.576155e+01  5.150737e+01
std       5.559403e+00  4.469774e+01
min       6.384615e+00  1.000000e+00
25%       2.182609e+01  1.900000e+01
50%       2.616129e+01  3.600000e+01
75%       3.021154e+01  6.800000e+01
max       3.519565e+01  2.220000e+02
2025-05-14 19:40:53,952 - INFO -   - Data filtered successfully.
2025-05-14 19:40:53,953 - INFO -   - Writing filtered data to disk.
2025-05-14 19:41:04,098 - INFO -   - Data successfully saved at ./filtered_data/c-sharp.json.
2025-05-14 19:41:05,691 - INFO - Filter process completed. Successfully filtered 3/3 datasets.
