2025-06-06 14:44:43,135 - INFO - Logging initialized. Log file: ./logs/data_filter_20250606_144443.log
2025-06-06 14:44:43,135 - INFO - Processing partition 5 of 5
2025-06-06 14:44:43,135 - INFO - Number of languages currently filtering: 2
2025-06-06 14:44:43,135 - INFO - Languages included:
2025-06-06 14:44:43,135 - INFO -   - SCALA
2025-06-06 14:44:43,135 - INFO -   - TYPESCRIPT
2025-06-06 14:44:43,135 - INFO - Working with SCALA language...
2025-06-06 14:44:43,954 - INFO -   - Successfully loaded the code data.
2025-06-06 14:44:44,991 - INFO -   - Data shuffling completed.
2025-06-06 14:45:26,260 - INFO -   - 'avg_line_length' feature added to the dataset.
2025-06-06 14:45:28,525 - INFO -   - Data slicing completed.
2025-06-06 14:45:28,525 - INFO -   - Working with data statistics and filtering based on it.
2025-06-06 14:45:28,803 - INFO - Statistics for avg_line_length:
count    1000000.000000
mean          31.927202
std            8.713793
min            1.800000
25%           26.500000
50%           31.676282
75%           36.800000
max           99.040512
Name: avg_line_length, dtype: float64
2025-06-06 14:45:29,362 - INFO - Box plot for average line length saved to ./graphs/scala_box_plot_avg_line_length.png
2025-06-06 14:45:29,378 - INFO - Number of outliers identified: 24405
2025-06-06 14:45:29,378 - INFO - Dropping outliers from the dataset.
2025-06-06 14:45:29,432 - INFO - Statistics for avg_line_length after outlier removal:
count    975595.000000
mean         31.485881
std           7.617077
min          11.051282
25%          26.462007
50%          31.538462
75%          36.473684
max          52.248996
Name: avg_line_length, dtype: float64
2025-06-06 14:45:32,544 - INFO - 'line_count' feature added to the dataset.
2025-06-06 14:45:32,557 - INFO - Statistics for line_count:
count    975595.000000
mean         94.787539
std         203.656968
min           1.000000
25%          26.000000
50%          51.000000
75%         101.000000
max       26706.000000
Name: line_count, dtype: float64
2025-06-06 14:45:32,735 - INFO - Distribution of code lengths saved to ./graphs/scala_distribution_of_code_lengths.png
2025-06-06 14:45:32,795 - INFO - Statistics comparison for 'avg_line_length' and 'line_count' before and after filtering:
2025-06-06 14:45:32,827 - INFO - BEFORE: 
       avg_line_length     line_count
count    975595.000000  975595.000000
mean         31.485881      94.787539
std           7.617077     203.656968
min          11.051282       1.000000
25%          26.462007      26.000000
50%          31.538462      51.000000
75%          36.473684     101.000000
max          52.248996   26706.000000
2025-06-06 14:45:32,849 - INFO - AFTER: 
       avg_line_length     line_count
count    702833.000000  702833.000000
mean         28.318487      53.924230
std           5.733975      42.450896
min          11.051282       1.000000
25%          24.608696      22.000000
50%          29.166667      41.000000
75%          32.857143      73.000000
max          37.214286     198.000000
2025-06-06 14:45:40,043 - INFO -   - Data filtered successfully.
2025-06-06 14:45:40,043 - INFO -   - Writing filtered data to disk.
2025-06-06 14:45:43,763 - INFO -   - Data successfully saved at ./filtered_data/scala.json.
2025-06-06 14:45:43,763 - INFO - Working with TYPESCRIPT language...
2025-06-06 14:45:48,238 - INFO -   - Successfully loaded the code data.
2025-06-06 14:45:58,046 - INFO -   - Data shuffling completed.
2025-06-06 14:51:52,353 - INFO -   - 'avg_line_length' feature added to the dataset.
2025-06-06 14:51:59,557 - INFO -   - Data slicing completed.
2025-06-06 14:51:59,558 - INFO -   - Working with data statistics and filtering based on it.
2025-06-06 14:51:59,996 - INFO - Statistics for avg_line_length:
count    1000000.000000
mean          28.034500
std            8.851973
min            1.000000
25%           22.445946
50%           26.873830
75%           32.000000
max          111.000000
Name: avg_line_length, dtype: float64
2025-06-06 14:52:00,512 - INFO - Box plot for average line length saved to ./graphs/typescript_box_plot_avg_line_length.png
2025-06-06 14:52:00,534 - INFO - Number of outliers identified: 34742
2025-06-06 14:52:00,534 - INFO - Dropping outliers from the dataset.
2025-06-06 14:52:00,590 - INFO - Statistics for avg_line_length after outlier removal:
count    965258.000000
mean         27.031983
std           6.848308
min           8.120879
25%          22.280220
50%          26.584416
75%          31.342105
max          46.330233
Name: avg_line_length, dtype: float64
2025-06-06 14:52:03,189 - INFO - 'line_count' feature added to the dataset.
2025-06-06 14:52:03,201 - INFO - Statistics for line_count:
count    965258.000000
mean         81.169380
std         315.430772
min           1.000000
25%          17.000000
50%          37.000000
75%          81.000000
max       90004.000000
Name: line_count, dtype: float64
2025-06-06 14:52:03,329 - INFO - Distribution of code lengths saved to ./graphs/typescript_distribution_of_code_lengths.png
2025-06-06 14:52:03,388 - INFO - Statistics comparison for 'avg_line_length' and 'line_count' before and after filtering:
2025-06-06 14:52:03,418 - INFO - BEFORE: 
       avg_line_length     line_count
count    965258.000000  965258.000000
mean         27.031983      81.169380
std           6.848308     315.430772
min           8.120879       1.000000
25%          22.280220      17.000000
50%          26.584416      37.000000
75%          31.342105      81.000000
max          46.330233   90004.000000
2025-06-06 14:52:03,440 - INFO - AFTER: 
       avg_line_length     line_count
count    695597.000000  695597.000000
mean         24.153821      43.450705
std           4.786452      37.291518
min           8.120879       1.000000
25%          20.885246      15.000000
50%          24.577586      31.000000
75%          27.909091      61.000000
max          32.250000     167.000000
2025-06-06 14:52:10,877 - INFO -   - Data filtered successfully.
2025-06-06 14:52:10,877 - INFO -   - Writing filtered data to disk.
2025-06-06 14:52:13,902 - INFO -   - Data successfully saved at ./filtered_data/typescript.json.
2025-06-06 14:52:14,310 - INFO - Filter process completed. Successfully filtered 2/2 datasets.
