2025-05-22 21:20:00,292 - INFO - Logging initialized. Log file: ./logs/data_filter_20250522_212000.log
2025-05-22 21:20:00,292 - INFO - Processing partition 1 of 5
2025-05-22 21:20:00,292 - INFO - Number of languages currently filtering: 2
2025-05-22 21:20:00,292 - INFO - Languages included:
2025-05-22 21:20:00,292 - INFO -   - C
2025-05-22 21:20:00,292 - INFO -   - CPP
2025-05-22 21:20:00,292 - INFO - Working with C language...
2025-05-22 21:20:08,735 - INFO -   - Successfully loaded the code data.
2025-05-22 21:20:16,175 - INFO -   - Data shuffling completed.
2025-05-22 21:31:18,198 - INFO -   - 'avg_line_length' feature added to the dataset.
2025-05-22 21:31:52,560 - INFO -   - Data slicing completed.
2025-05-22 21:31:52,561 - INFO -   - Working with data statistics and filtering based on it.
2025-05-22 21:31:54,391 - INFO - Statistics for avg_line_length:
count    2.500000e+06
mean     2.699114e+01
std      1.013014e+01
min      2.857143e-01
25%      2.008333e+01
50%      2.570723e+01
75%      3.202410e+01
max      1.510000e+02
Name: avg_line_length, dtype: float64
2025-05-22 21:31:55,933 - INFO - Box plot for average line length saved to ./graphs/c_box_plot_avg_line_length.png
2025-05-22 21:31:55,983 - INFO - Number of outliers identified: 66957
2025-05-22 21:31:55,983 - INFO - Dropping outliers from the dataset.
2025-05-22 21:31:56,107 - INFO - Statistics for avg_line_length after outlier removal:
count    2.433043e+06
mean     2.603560e+01
std      8.232880e+00
min      2.174942e+00
25%      1.991667e+01
50%      2.541140e+01
75%      3.141096e+01
max      4.993514e+01
Name: avg_line_length, dtype: float64
2025-05-22 21:32:10,597 - INFO - 'line_count' feature added to the dataset.
2025-05-22 21:32:10,626 - INFO - Statistics for line_count:
count    2.433043e+06
mean     1.906395e+02
std      7.429359e+02
min      1.000000e+00
25%      2.800000e+01
50%      6.000000e+01
75%      1.470000e+02
max      2.192010e+05
Name: line_count, dtype: float64
2025-05-22 21:32:10,815 - INFO - Distribution of code lengths saved to ./graphs/c_distribution_of_code_lengths.png
2025-05-22 21:32:10,997 - INFO - Statistics comparison for 'avg_line_length' and 'line_count' before and after filtering:
2025-05-22 21:32:11,071 - INFO - BEFORE: 
       avg_line_length    line_count
count     2.433043e+06  2.433043e+06
mean      2.603560e+01  1.906395e+02
std       8.232880e+00  7.429359e+02
min       2.174942e+00  1.000000e+00
25%       1.991667e+01  2.800000e+01
50%       2.541140e+01  6.000000e+01
75%       3.141096e+01  1.470000e+02
max       4.993514e+01  2.192010e+05
2025-05-22 21:32:11,127 - INFO - AFTER: 
       avg_line_length    line_count
count     1.752078e+06  1.752078e+06
mean      2.253704e+01  7.452277e+01
std       5.722517e+00  7.555028e+01
min       2.200000e+00  1.000000e+00
25%       1.822500e+01  2.300000e+01
50%       2.276000e+01  4.500000e+01
75%       2.715625e+01  9.700000e+01
max       3.265385e+01  3.700000e+02
2025-05-22 21:32:29,137 - INFO -   - Data filtered successfully.
2025-05-22 21:32:29,138 - INFO -   - Writing filtered data to disk.
2025-05-22 21:32:39,511 - INFO -   - Data successfully saved at ./filtered_data/c.json.
2025-05-22 21:32:39,511 - INFO - Working with CPP language...
2025-05-22 21:32:47,730 - INFO -   - Successfully loaded the code data.
2025-05-22 21:32:53,402 - INFO -   - Data shuffling completed.
2025-05-22 21:44:14,610 - INFO -   - 'avg_line_length' feature added to the dataset.
2025-05-22 21:44:58,946 - INFO -   - Data slicing completed.
2025-05-22 21:44:58,947 - INFO -   - Working with data statistics and filtering based on it.
2025-05-22 21:45:01,709 - INFO - Statistics for avg_line_length:
count    2.500000e+06
mean     2.739958e+01
std      8.889875e+00
min      6.000000e-01
25%      2.131250e+01
50%      2.677273e+01
75%      3.247408e+01
max      1.105000e+02
Name: avg_line_length, dtype: float64
2025-05-22 21:45:02,888 - INFO - Box plot for average line length saved to ./graphs/cpp_box_plot_avg_line_length.png
2025-05-22 21:45:02,940 - INFO - Number of outliers identified: 42916
2025-05-22 21:45:02,940 - INFO - Dropping outliers from the dataset.
2025-05-22 21:45:03,071 - INFO - Statistics for avg_line_length after outlier removal:
count    2.457084e+06
mean     2.685248e+01
std      7.794784e+00
min      4.571429e+00
25%      2.121053e+01
50%      2.659574e+01
75%      3.213071e+01
max      4.921600e+01
Name: avg_line_length, dtype: float64
2025-05-22 21:45:21,502 - INFO - 'line_count' feature added to the dataset.
2025-05-22 21:45:21,528 - INFO - Statistics for line_count:
count    2.457084e+06
mean     2.279199e+02
std      7.140045e+02
min      1.000000e+00
25%      4.200000e+01
50%      9.100000e+01
75%      2.100000e+02
max      1.729360e+05
Name: line_count, dtype: float64
2025-05-22 21:45:21,941 - INFO - Distribution of code lengths saved to ./graphs/cpp_distribution_of_code_lengths.png
2025-05-22 21:45:22,094 - INFO - Statistics comparison for 'avg_line_length' and 'line_count' before and after filtering:
2025-05-22 21:45:22,165 - INFO - BEFORE: 
       avg_line_length    line_count
count     2.457084e+06  2.457084e+06
mean      2.685248e+01  2.279199e+02
std       7.794784e+00  7.140045e+02
min       4.571429e+00  1.000000e+00
25%       2.121053e+01  4.200000e+01
50%       2.659574e+01  9.100000e+01
75%       3.213071e+01  2.100000e+02
max       4.921600e+01  1.729360e+05
2025-05-22 21:45:22,218 - INFO - AFTER: 
       avg_line_length    line_count
count     1.769333e+06  1.769333e+06
mean      2.350905e+01  1.035568e+02
std       5.623783e+00  9.740913e+01
min       4.571429e+00  1.000000e+00
25%       1.947170e+01  3.400000e+01
50%       2.395588e+01  6.800000e+01
75%       2.805556e+01  1.390000e+02
max       3.291603e+01  4.660000e+02
2025-05-22 21:45:40,895 - INFO -   - Data filtered successfully.
2025-05-22 21:45:40,897 - INFO -   - Writing filtered data to disk.
2025-05-22 21:45:54,106 - INFO -   - Data successfully saved at ./filtered_data/cpp.json.
2025-05-22 21:45:55,774 - INFO - Filter process completed. Successfully filtered 2/2 datasets.
