2025-05-22 22:10:23,237 - INFO - Logging initialized. Log file: ./logs/data_filter_20250522_221023.log
2025-05-22 22:10:23,237 - INFO - Processing partition 3 of 5
2025-05-22 22:10:23,237 - INFO - Number of languages currently filtering: 2
2025-05-22 22:10:23,237 - INFO - Languages included:
2025-05-22 22:10:23,237 - INFO -   - JAVA
2025-05-22 22:10:23,237 - INFO -   - JAVASCRIPT
2025-05-22 22:10:23,237 - INFO - Working with JAVA language...
2025-05-22 22:10:37,127 - INFO -   - Successfully loaded the code data.
2025-05-22 22:10:56,259 - INFO -   - Data shuffling completed.
2025-05-22 22:50:35,434 - INFO -   - 'avg_line_length' feature added to the dataset.
2025-05-22 22:50:59,629 - INFO -   - Data slicing completed.
2025-05-22 22:50:59,630 - INFO -   - Working with data statistics and filtering based on it.
2025-05-22 22:51:00,919 - INFO - Statistics for avg_line_length:
count    2.500000e+06
mean     2.933767e+01
std      8.870019e+00
min      1.166667e+00
25%      2.301351e+01
50%      2.890728e+01
75%      3.481538e+01
max      1.365000e+02
Name: avg_line_length, dtype: float64
2025-05-22 22:51:02,347 - INFO - Box plot for average line length saved to ./graphs/java_box_plot_avg_line_length.png
2025-05-22 22:51:02,392 - INFO - Number of outliers identified: 29752
2025-05-22 22:51:02,392 - INFO - Dropping outliers from the dataset.
2025-05-22 22:51:02,527 - INFO - Statistics for avg_line_length after outlier removal:
count    2.470248e+06
mean     2.896873e+01
std      8.188899e+00
min      5.333333e+00
25%      2.294444e+01
50%      2.877778e+01
75%      3.457447e+01
max      5.251807e+01
Name: avg_line_length, dtype: float64
2025-05-22 22:51:12,614 - INFO - 'line_count' feature added to the dataset.
2025-05-22 22:51:12,641 - INFO - Statistics for line_count:
count    2.470248e+06
mean     1.223613e+02
std      3.409263e+02
min      1.000000e+00
25%      3.100000e+01
50%      6.300000e+01
75%      1.250000e+02
max      9.803600e+04
Name: line_count, dtype: float64
2025-05-22 22:51:12,825 - INFO - Distribution of code lengths saved to ./graphs/java_distribution_of_code_lengths.png
2025-05-22 22:51:12,975 - INFO - Statistics comparison for 'avg_line_length' and 'line_count' before and after filtering:
2025-05-22 22:51:13,042 - INFO - BEFORE: 
       avg_line_length    line_count
count     2.470248e+06  2.470248e+06
mean      2.896873e+01  1.223613e+02
std       8.188899e+00  3.409263e+02
min       5.333333e+00  1.000000e+00
25%       2.294444e+01  3.100000e+01
50%       2.877778e+01  6.300000e+01
75%       3.457447e+01  1.250000e+02
max       5.251807e+01  9.803600e+04
2025-05-22 22:51:13,093 - INFO - AFTER: 
       avg_line_length    line_count
count     1.779659e+06  1.779659e+06
mean      2.547838e+01  6.458895e+01
std       5.893348e+00  5.207242e+01
min       5.333333e+00  1.000000e+00
25%       2.112500e+01  2.500000e+01
50%       2.595000e+01  4.800000e+01
75%       3.030303e+01  8.800000e+01
max       3.527820e+01  2.460000e+02
2025-05-22 22:51:31,633 - INFO -   - Data filtered successfully.
2025-05-22 22:51:31,633 - INFO -   - Writing filtered data to disk.
2025-05-22 22:51:42,091 - INFO -   - Data successfully saved at ./filtered_data/java.json.
2025-05-22 22:51:42,091 - INFO - Working with JAVASCRIPT language...
2025-05-22 22:51:52,740 - INFO -   - Successfully loaded the code data.
2025-05-22 22:52:11,899 - INFO -   - Data shuffling completed.
2025-05-22 23:26:45,529 - INFO -   - 'avg_line_length' feature added to the dataset.
2025-05-22 23:27:08,011 - INFO -   - Data slicing completed.
2025-05-22 23:27:08,012 - INFO -   - Working with data statistics and filtering based on it.
2025-05-22 23:27:08,982 - INFO - Statistics for avg_line_length:
count    2.500000e+06
mean     2.789427e+01
std      1.033508e+01
min      6.250000e-01
25%      2.164912e+01
50%      2.611111e+01
75%      3.158313e+01
max      1.340000e+02
Name: avg_line_length, dtype: float64
2025-05-22 23:27:10,174 - INFO - Box plot for average line length saved to ./graphs/javascript_box_plot_avg_line_length.png
2025-05-22 23:27:10,221 - INFO - Number of outliers identified: 114346
2025-05-22 23:27:10,221 - INFO - Dropping outliers from the dataset.
2025-05-22 23:27:10,353 - INFO - Statistics for avg_line_length after outlier removal:
count    2.385654e+06
mean     2.633949e+01
std      6.991202e+00
min      6.750000e+00
25%      2.142857e+01
50%      2.571429e+01
75%      3.064000e+01
max      4.648402e+01
Name: avg_line_length, dtype: float64
2025-05-22 23:27:18,822 - INFO - 'line_count' feature added to the dataset.
2025-05-22 23:27:18,848 - INFO - Statistics for line_count:
count    2.385654e+06
mean     1.071966e+02
std      4.722618e+02
min      1.000000e+00
25%      2.000000e+01
50%      4.400000e+01
75%      9.800000e+01
max      8.153800e+04
Name: line_count, dtype: float64
2025-05-22 23:27:19,093 - INFO - Distribution of code lengths saved to ./graphs/javascript_distribution_of_code_lengths.png
2025-05-22 23:27:19,230 - INFO - Statistics comparison for 'avg_line_length' and 'line_count' before and after filtering:
2025-05-22 23:27:19,297 - INFO - BEFORE: 
       avg_line_length    line_count
count     2.385654e+06  2.385654e+06
mean      2.633949e+01  1.071966e+02
std       6.991202e+00  4.722618e+02
min       6.750000e+00  1.000000e+00
25%       2.142857e+01  2.000000e+01
50%       2.571429e+01  4.400000e+01
75%       3.064000e+01  9.800000e+01
max       4.648402e+01  8.153800e+04
2025-05-22 23:27:19,352 - INFO - AFTER: 
       avg_line_length    line_count
count     1.718133e+06  1.718133e+06
mean      2.330148e+01  5.122186e+01
std       4.700980e+00  4.483456e+01
min       6.750000e+00  1.000000e+00
25%       2.008333e+01  1.800000e+01
50%       2.362963e+01  3.600000e+01
75%       2.697778e+01  7.100000e+01
max       3.145882e+01  2.060000e+02
2025-05-22 23:27:38,048 - INFO -   - Data filtered successfully.
2025-05-22 23:27:38,049 - INFO -   - Writing filtered data to disk.
2025-05-22 23:27:46,157 - INFO -   - Data successfully saved at ./filtered_data/javascript.json.
2025-05-22 23:27:47,189 - INFO - Filter process completed. Successfully filtered 2/2 datasets.
