2025-05-14 21:25:19,133 - INFO - Logging initialized. Log file: ./logs/data_filter_20250514_212519.log
2025-05-14 21:25:19,133 - INFO - Processing partition 3 of 4
2025-05-14 21:25:19,133 - INFO - Number of languages currently filtering: 3
2025-05-14 21:25:19,133 - INFO - Languages included:
2025-05-14 21:25:19,133 - INFO -   - KOTLIN
2025-05-14 21:25:19,133 - INFO -   - PYTHON
2025-05-14 21:25:19,133 - INFO -   - RUBY
2025-05-14 21:25:19,133 - INFO - Working with KOTLIN language...
2025-05-14 21:25:20,061 - INFO -   - Successfully loaded the code data.
2025-05-14 21:25:21,889 - INFO -   - Data shuffling completed.
2025-05-14 21:26:34,402 - INFO -   - 'avg_line_length' feature added to the dataset.
2025-05-14 21:26:39,529 - INFO -   - Data slicing completed.
2025-05-14 21:26:39,529 - INFO -   - Working with data statistics and filtering based on it.
2025-05-14 21:26:40,171 - INFO - Statistics for avg_line_length:
count    2.239354e+06
mean     3.087103e+01
std      8.328076e+00
min      1.608696e+00
25%      2.545872e+01
50%      3.086364e+01
75%      3.589062e+01
max      1.235000e+02
Name: avg_line_length, dtype: float64
2025-05-14 21:26:41,343 - INFO - Box plot for average line length saved to ./graphs/KOTLIN_box_plot_avg_line_length.png
2025-05-14 21:26:41,376 - INFO - Number of outliers identified: 33925
2025-05-14 21:26:41,376 - INFO - Dropping outliers from the dataset.
2025-05-14 21:26:41,506 - INFO - Statistics for avg_line_length after outlier removal:
count    2.205429e+06
mean     3.057368e+01
std      7.634644e+00
min      9.811966e+00
25%      2.542857e+01
50%      3.076786e+01
75%      3.568056e+01
max      5.153846e+01
Name: avg_line_length, dtype: float64
2025-05-14 21:26:47,352 - INFO - 'line_count' feature added to the dataset.
2025-05-14 21:26:47,377 - INFO - Statistics for line_count:
count    2.205429e+06
mean     7.245221e+01
std      1.470800e+02
min      1.000000e+00
25%      1.900000e+01
50%      4.000000e+01
75%      8.200000e+01
max      4.898100e+04
Name: line_count, dtype: float64
2025-05-14 21:26:47,609 - INFO - Distribution of code lengths saved to ./graphs/KOTLIN_distribution_of_code_lengths.png
2025-05-14 21:26:47,744 - INFO - Statistics comparison for 'avg_line_length' and 'line_count' before and after filtering:
2025-05-14 21:26:47,812 - INFO - BEFORE: 
       avg_line_length    line_count
count     2.205429e+06  2.205429e+06
mean      3.057368e+01  7.245221e+01
std       7.634644e+00  1.470800e+02
min       9.811966e+00  1.000000e+00
25%       2.542857e+01  1.900000e+01
50%       3.076786e+01  4.000000e+01
75%       3.568056e+01  8.200000e+01
max       5.153846e+01  4.898100e+04
2025-05-14 21:26:47,859 - INFO - AFTER: 
       avg_line_length    line_count
count     1.589735e+06  1.589735e+06
mean      2.739495e+01  4.230929e+01
std       5.800817e+00  3.463547e+01
min       9.812500e+00  1.000000e+00
25%       2.350000e+01  1.600000e+01
50%       2.825600e+01  3.100000e+01
75%       3.205660e+01  5.900000e+01
max       3.634615e+01  1.570000e+02
2025-05-14 21:27:05,132 - INFO -   - Data filtered successfully.
2025-05-14 21:27:05,132 - INFO -   - Writing filtered data to disk.
2025-05-14 21:27:12,642 - INFO -   - Data successfully saved at ./filtered_data/kotlin.json.
2025-05-14 21:27:12,642 - INFO - Working with PYTHON language...
2025-05-14 21:27:22,277 - INFO -   - Successfully loaded the code data.
2025-05-14 21:27:34,140 - INFO -   - Data shuffling completed.
2025-05-14 21:52:54,052 - INFO -   - 'avg_line_length' feature added to the dataset.
2025-05-14 21:53:23,428 - INFO -   - Data slicing completed.
2025-05-14 21:53:23,429 - INFO -   - Working with data statistics and filtering based on it.
2025-05-14 21:53:25,527 - INFO - Statistics for avg_line_length:
count    2.500000e+06
mean     3.043812e+01
std      8.941996e+00
min      6.666667e-01
25%      2.462500e+01
50%      3.002381e+01
75%      3.547013e+01
max      1.430000e+02
Name: avg_line_length, dtype: float64
2025-05-14 21:53:26,765 - INFO - Box plot for average line length saved to ./graphs/PYTHON_box_plot_avg_line_length.png
2025-05-14 21:53:26,810 - INFO - Number of outliers identified: 49936
2025-05-14 21:53:26,810 - INFO - Dropping outliers from the dataset.
2025-05-14 21:53:26,948 - INFO - Statistics for avg_line_length after outlier removal:
count    2.450064e+06
mean     2.992727e+01
std      7.860479e+00
min      8.359223e+00
25%      2.454545e+01
50%      2.986667e+01
75%      3.513115e+01
max      5.173750e+01
Name: avg_line_length, dtype: float64
2025-05-14 21:53:37,956 - INFO - 'line_count' feature added to the dataset.
2025-05-14 21:53:37,983 - INFO - Statistics for line_count:
count    2.450064e+06
mean     1.296236e+02
std      3.204773e+02
min      1.000000e+00
25%      2.600000e+01
50%      6.000000e+01
75%      1.380000e+02
max      6.890200e+04
Name: line_count, dtype: float64
2025-05-14 21:53:38,321 - INFO - Distribution of code lengths saved to ./graphs/PYTHON_distribution_of_code_lengths.png
2025-05-14 21:53:38,472 - INFO - Statistics comparison for 'avg_line_length' and 'line_count' before and after filtering:
2025-05-14 21:53:38,553 - INFO - BEFORE: 
       avg_line_length    line_count
count     2.450064e+06  2.450064e+06
mean      2.992727e+01  1.296236e+02
std       7.860479e+00  3.204773e+02
min       8.359223e+00  1.000000e+00
25%       2.454545e+01  2.600000e+01
50%       2.986667e+01  6.000000e+01
75%       3.513115e+01  1.380000e+02
max       5.173750e+01  6.890200e+04
2025-05-14 21:53:38,611 - INFO - AFTER: 
       avg_line_length    line_count
count     1.764481e+06  1.764481e+06
mean      2.651537e+01  6.615135e+01
std       5.750540e+00  6.127695e+01
min       8.359223e+00  1.000000e+00
25%       2.268000e+01  2.100000e+01
50%       2.722222e+01  4.500000e+01
75%       3.109091e+01  9.200000e+01
max       3.568421e+01  2.850000e+02
2025-05-14 21:53:57,654 - INFO -   - Data filtered successfully.
2025-05-14 21:53:57,654 - INFO -   - Writing filtered data to disk.
2025-05-14 21:54:08,647 - INFO -   - Data successfully saved at ./filtered_data/python.json.
2025-05-14 21:54:08,647 - INFO - Working with RUBY language...
2025-05-14 21:54:10,397 - INFO -   - Successfully loaded the code data.
2025-05-14 21:54:13,418 - INFO -   - Data shuffling completed.
2025-05-14 21:56:18,036 - INFO -   - 'avg_line_length' feature added to the dataset.
2025-05-14 21:56:23,420 - INFO -   - Data slicing completed.
2025-05-14 21:56:23,421 - INFO -   - Working with data statistics and filtering based on it.
2025-05-14 21:56:24,115 - INFO - Statistics for avg_line_length:
count    2.500000e+06
mean     2.634627e+01
std      8.885419e+00
min      5.342466e-01
25%      2.045000e+01
50%      2.536607e+01
75%      3.095791e+01
max      1.250000e+02
Name: avg_line_length, dtype: float64
2025-05-14 21:56:25,319 - INFO - Box plot for average line length saved to ./graphs/RUBY_box_plot_avg_line_length.png
2025-05-14 21:56:25,360 - INFO - Number of outliers identified: 60392
2025-05-14 21:56:25,360 - INFO - Dropping outliers from the dataset.
2025-05-14 21:56:25,491 - INFO - Statistics for avg_line_length after outlier removal:
count    2.439608e+06
mean     2.561453e+01
std      7.459994e+00
min      4.688372e+00
25%      2.032938e+01
50%      2.513889e+01
75%      3.046154e+01
max      4.671951e+01
Name: avg_line_length, dtype: float64
2025-05-14 21:56:30,565 - INFO - 'line_count' feature added to the dataset.
2025-05-14 21:56:30,598 - INFO - Statistics for line_count:
count    2.439608e+06
mean     6.317601e+01
std      2.292461e+02
min      1.000000e+00
25%      1.400000e+01
50%      3.100000e+01
75%      6.600000e+01
max      1.200000e+05
Name: line_count, dtype: float64
2025-05-14 21:56:30,838 - INFO - Distribution of code lengths saved to ./graphs/RUBY_distribution_of_code_lengths.png
2025-05-14 21:56:30,989 - INFO - Statistics comparison for 'avg_line_length' and 'line_count' before and after filtering:
2025-05-14 21:56:31,069 - INFO - BEFORE: 
       avg_line_length    line_count
count     2.439608e+06  2.439608e+06
mean      2.561453e+01  6.317601e+01
std       7.459994e+00  2.292461e+02
min       4.688372e+00  1.000000e+00
25%       2.032938e+01  1.400000e+01
50%       2.513889e+01  3.100000e+01
75%       3.046154e+01  6.600000e+01
max       4.671951e+01  1.200000e+05
2025-05-14 21:56:31,124 - INFO - AFTER: 
       avg_line_length    line_count
count     1.758558e+06  1.758558e+06
mean      2.231285e+01  3.395139e+01
std       5.158303e+00  2.889052e+01
min       4.692308e+00  1.000000e+00
25%       1.878571e+01  1.200000e+01
50%       2.268750e+01  2.400000e+01
75%       2.638462e+01  4.800000e+01
max       3.113953e+01  1.320000e+02
2025-05-14 21:56:50,837 - INFO -   - Data filtered successfully.
2025-05-14 21:56:50,837 - INFO -   - Writing filtered data to disk.
2025-05-14 21:56:57,882 - INFO -   - Data successfully saved at ./filtered_data/ruby.json.
2025-05-14 21:56:58,653 - INFO - Filter process completed. Successfully filtered 3/3 datasets.
