2025-06-06 12:41:29,475 - INFO - Logging initialized. Log file: ./logs/data_filter_20250606_124129.log
2025-06-06 12:41:29,475 - INFO - Processing partition 2 of 5
2025-06-06 12:41:29,475 - INFO - Number of languages currently filtering: 2
2025-06-06 12:41:29,475 - INFO - Languages included:
2025-06-06 12:41:29,475 - INFO -   - C-SHARP
2025-06-06 12:41:29,475 - INFO -   - GO
2025-06-06 12:41:29,476 - INFO - Working with C-SHARP language...
2025-06-06 12:41:37,034 - INFO -   - Successfully loaded the code data.
2025-06-06 12:41:46,567 - INFO -   - Data shuffling completed.
2025-06-06 12:52:50,124 - INFO -   - 'avg_line_length' feature added to the dataset.
2025-06-06 12:53:01,185 - INFO -   - Data slicing completed.
2025-06-06 12:53:01,186 - INFO -   - Working with data statistics and filtering based on it.
2025-06-06 12:53:02,004 - INFO - Statistics for avg_line_length:
count    1000000.000000
mean          30.055577
std            9.307889
min            2.013441
25%           23.653846
50%           29.123133
75%           35.158537
max          129.000000
Name: avg_line_length, dtype: float64
2025-06-06 12:53:02,658 - INFO - Box plot for average line length saved to ./graphs/c-sharp_box_plot_avg_line_length.png
2025-06-06 12:53:02,678 - INFO - Number of outliers identified: 21012
2025-06-06 12:53:02,678 - INFO - Dropping outliers from the dataset.
2025-06-06 12:53:02,729 - INFO - Statistics for avg_line_length after outlier removal:
count    978988.000000
mean         29.395155
std           8.106178
min           6.400000
25%          23.532573
50%          28.901235
75%          34.709677
max          52.415094
Name: avg_line_length, dtype: float64
2025-06-06 12:53:07,094 - INFO - 'line_count' feature added to the dataset.
2025-06-06 12:53:07,108 - INFO - Statistics for line_count:
count    978988.000000
mean        108.611127
std         334.233157
min           1.000000
25%          23.000000
50%          48.000000
75%         105.000000
max       54009.000000
Name: line_count, dtype: float64
2025-06-06 12:53:07,210 - INFO - Distribution of code lengths saved to ./graphs/c-sharp_distribution_of_code_lengths.png
2025-06-06 12:53:07,271 - INFO - Statistics comparison for 'avg_line_length' and 'line_count' before and after filtering:
2025-06-06 12:53:07,301 - INFO - BEFORE: 
       avg_line_length     line_count
count    978988.000000  978988.000000
mean         29.395155     108.611127
std           8.106178     334.233157
min           6.400000       1.000000
25%          23.532573      23.000000
50%          28.901235      48.000000
75%          34.709677     105.000000
max          52.415094   54009.000000
2025-06-06 12:53:07,323 - INFO - AFTER: 
       avg_line_length     line_count
count    705203.000000  705203.000000
mean         25.759844      51.501602
std           5.551625      44.689980
min           6.400000       1.000000
25%          21.833333      19.000000
50%          26.157895      36.000000
75%          30.204545      68.000000
max          35.175355     222.000000
2025-06-06 12:53:14,596 - INFO -   - Data filtered successfully.
2025-06-06 12:53:14,596 - INFO -   - Writing filtered data to disk.
2025-06-06 12:53:18,084 - INFO -   - Data successfully saved at ./filtered_data/c-sharp.json.
2025-06-06 12:53:18,085 - INFO - Working with GO language...
2025-06-06 12:53:22,005 - INFO -   - Successfully loaded the code data.
2025-06-06 12:53:26,253 - INFO -   - Data shuffling completed.
2025-06-06 12:56:33,471 - INFO -   - 'avg_line_length' feature added to the dataset.
2025-06-06 12:56:44,863 - INFO -   - Data slicing completed.
2025-06-06 12:56:44,864 - INFO -   - Working with data statistics and filtering based on it.
2025-06-06 12:56:45,315 - INFO - Statistics for avg_line_length:
count    1000000.000000
mean          24.272188
std            7.945401
min            1.039474
25%           19.050000
50%           23.344086
75%           28.187749
max           99.017857
Name: avg_line_length, dtype: float64
2025-06-06 12:56:45,865 - INFO - Box plot for average line length saved to ./graphs/go_box_plot_avg_line_length.png
2025-06-06 12:56:45,881 - INFO - Number of outliers identified: 27475
2025-06-06 12:56:45,881 - INFO - Dropping outliers from the dataset.
2025-06-06 12:56:45,932 - INFO - Statistics for avg_line_length after outlier removal:
count    972525.000000
mean         23.543326
std           6.515201
min           5.354839
25%          18.925620
50%          23.116883
75%          27.698925
max          41.894316
Name: avg_line_length, dtype: float64
2025-06-06 12:56:51,062 - INFO - 'line_count' feature added to the dataset.
2025-06-06 12:56:51,073 - INFO - Statistics for line_count:
count    972525.000000
mean        169.642822
std         699.884770
min           1.000000
25%          37.000000
50%          76.000000
75%         157.000000
max      114089.000000
Name: line_count, dtype: float64
2025-06-06 12:56:51,173 - INFO - Distribution of code lengths saved to ./graphs/go_distribution_of_code_lengths.png
2025-06-06 12:56:51,236 - INFO - Statistics comparison for 'avg_line_length' and 'line_count' before and after filtering:
2025-06-06 12:56:51,265 - INFO - BEFORE: 
       avg_line_length     line_count
count    972525.000000  972525.000000
mean         23.543326     169.642822
std           6.515201     699.884770
min           5.354839       1.000000
25%          18.925620      37.000000
50%          23.116883      76.000000
75%          27.698925     157.000000
max          41.894316  114089.000000
2025-06-06 12:56:51,287 - INFO - AFTER: 
       avg_line_length     line_count
count    700331.000000  700331.000000
mean         20.679289      81.738367
std           4.497350      66.813354
min           5.354839       1.000000
25%          17.565217      31.000000
50%          21.000000      61.000000
75%          24.240506     113.000000
max          28.352113     307.000000
2025-06-06 12:56:58,667 - INFO -   - Data filtered successfully.
2025-06-06 12:56:58,668 - INFO -   - Writing filtered data to disk.
2025-06-06 12:57:02,981 - INFO -   - Data successfully saved at ./filtered_data/go.json.
2025-06-06 12:57:03,502 - INFO - Filter process completed. Successfully filtered 2/2 datasets.
