2025-05-22 23:28:21,244 - INFO - Logging initialized. Log file: ./logs/data_filter_20250522_232821.log
2025-05-22 23:28:21,244 - INFO - Processing partition 4 of 5
2025-05-22 23:28:21,244 - INFO - Number of languages currently filtering: 2
2025-05-22 23:28:21,244 - INFO - Languages included:
2025-05-22 23:28:21,244 - INFO -   - PYTHON
2025-05-22 23:28:21,244 - INFO -   - RUBY
2025-05-22 23:28:21,244 - INFO - Working with PYTHON language...
2025-05-22 23:28:30,733 - INFO -   - Successfully loaded the code data.
2025-05-22 23:28:42,298 - INFO -   - Data shuffling completed.
2025-05-22 23:47:37,751 - INFO -   - 'avg_line_length' feature added to the dataset.
2025-05-22 23:48:04,181 - INFO -   - Data slicing completed.
2025-05-22 23:48:04,182 - INFO -   - Working with data statistics and filtering based on it.
2025-05-22 23:48:05,852 - INFO - Statistics for avg_line_length:
count    2.500000e+06
mean     3.043517e+01
std      8.951637e+00
min      8.571429e-01
25%      2.461538e+01
50%      3.002532e+01
75%      3.546809e+01
max      1.360000e+02
Name: avg_line_length, dtype: float64
2025-05-22 23:48:07,177 - INFO - Box plot for average line length saved to ./graphs/python_box_plot_avg_line_length.png
2025-05-22 23:48:07,220 - INFO - Number of outliers identified: 50107
2025-05-22 23:48:07,221 - INFO - Dropping outliers from the dataset.
2025-05-22 23:48:07,368 - INFO - Statistics for avg_line_length after outlier removal:
count    2.449893e+06
mean     2.992210e+01
std      7.867706e+00
min      8.343511e+00
25%      2.453333e+01
50%      2.986667e+01
75%      3.512605e+01
max      5.174709e+01
Name: avg_line_length, dtype: float64
2025-05-22 23:48:18,273 - INFO - 'line_count' feature added to the dataset.
2025-05-22 23:48:18,303 - INFO - Statistics for line_count:
count    2.449893e+06
mean     1.294865e+02
std      3.259269e+02
min      1.000000e+00
25%      2.600000e+01
50%      6.000000e+01
75%      1.380000e+02
max      7.059900e+04
Name: line_count, dtype: float64
2025-05-22 23:48:18,572 - INFO - Distribution of code lengths saved to ./graphs/python_distribution_of_code_lengths.png
2025-05-22 23:48:18,726 - INFO - Statistics comparison for 'avg_line_length' and 'line_count' before and after filtering:
2025-05-22 23:48:18,804 - INFO - BEFORE: 
       avg_line_length    line_count
count     2.449893e+06  2.449893e+06
mean      2.992210e+01  1.294865e+02
std       7.867706e+00  3.259269e+02
min       8.343511e+00  1.000000e+00
25%       2.453333e+01  2.600000e+01
50%       2.986667e+01  6.000000e+01
75%       3.512605e+01  1.380000e+02
max       5.174709e+01  7.059900e+04
2025-05-22 23:48:18,861 - INFO - AFTER: 
       avg_line_length    line_count
count     1.764099e+06  1.764099e+06
mean      2.650637e+01  6.616175e+01
std       5.755881e+00  6.129060e+01
min       8.343511e+00  1.000000e+00
25%       2.266667e+01  2.100000e+01
50%       2.721030e+01  4.500000e+01
75%       3.109259e+01  9.200000e+01
max       3.568243e+01  2.850000e+02
2025-05-22 23:48:37,305 - INFO -   - Data filtered successfully.
2025-05-22 23:48:37,306 - INFO -   - Writing filtered data to disk.
2025-05-22 23:48:47,793 - INFO -   - Data successfully saved at ./filtered_data/python.json.
2025-05-22 23:48:47,793 - INFO - Working with RUBY language...
2025-05-22 23:48:49,396 - INFO -   - Successfully loaded the code data.
2025-05-22 23:48:52,431 - INFO -   - Data shuffling completed.
2025-05-22 23:50:42,483 - INFO -   - 'avg_line_length' feature added to the dataset.
2025-05-22 23:50:47,449 - INFO -   - Data slicing completed.
2025-05-22 23:50:47,449 - INFO -   - Working with data statistics and filtering based on it.
2025-05-22 23:50:48,126 - INFO - Statistics for avg_line_length:
count    2.500000e+06
mean     2.634309e+01
std      8.878777e+00
min      5.342466e-01
25%      2.045455e+01
50%      2.536364e+01
75%      3.095122e+01
max      1.225000e+02
Name: avg_line_length, dtype: float64
2025-05-22 23:50:49,294 - INFO - Box plot for average line length saved to ./graphs/ruby_box_plot_avg_line_length.png
2025-05-22 23:50:49,337 - INFO - Number of outliers identified: 60408
2025-05-22 23:50:49,337 - INFO - Dropping outliers from the dataset.
2025-05-22 23:50:49,465 - INFO - Statistics for avg_line_length after outlier removal:
count    2.439592e+06
mean     2.561185e+01
std      7.454883e+00
min      4.714286e+00
25%      2.033333e+01
50%      2.513333e+01
75%      3.045455e+01
max      4.669602e+01
Name: avg_line_length, dtype: float64
2025-05-22 23:50:54,501 - INFO - 'line_count' feature added to the dataset.
2025-05-22 23:50:54,527 - INFO - Statistics for line_count:
count    2.439592e+06
mean     6.315567e+01
std      2.218031e+02
min      1.000000e+00
25%      1.400000e+01
50%      3.100000e+01
75%      6.600000e+01
max      1.200000e+05
Name: line_count, dtype: float64
2025-05-22 23:50:54,767 - INFO - Distribution of code lengths saved to ./graphs/ruby_distribution_of_code_lengths.png
2025-05-22 23:50:54,904 - INFO - Statistics comparison for 'avg_line_length' and 'line_count' before and after filtering:
2025-05-22 23:50:54,977 - INFO - BEFORE: 
       avg_line_length    line_count
count     2.439592e+06  2.439592e+06
mean      2.561185e+01  6.315567e+01
std       7.454883e+00  2.218031e+02
min       4.714286e+00  1.000000e+00
25%       2.033333e+01  1.400000e+01
50%       2.513333e+01  3.100000e+01
75%       3.045455e+01  6.600000e+01
max       4.669602e+01  1.200000e+05
2025-05-22 23:50:55,027 - INFO - AFTER: 
       avg_line_length    line_count
count     1.756771e+06  1.756771e+06
mean      2.230837e+01  3.385990e+01
std       5.155428e+00  2.876066e+01
min       4.714286e+00  1.000000e+00
25%       1.878082e+01  1.200000e+01
50%       2.268571e+01  2.400000e+01
75%       2.637500e+01  4.800000e+01
max       3.112500e+01  1.310000e+02
2025-05-22 23:51:14,279 - INFO -   - Data filtered successfully.
2025-05-22 23:51:14,280 - INFO -   - Writing filtered data to disk.
2025-05-22 23:51:20,837 - INFO -   - Data successfully saved at ./filtered_data/ruby.json.
2025-05-22 23:51:21,595 - INFO - Filter process completed. Successfully filtered 2/2 datasets.
