2025-05-22 21:51:07,928 - INFO - Logging initialized. Log file: ./logs/data_filter_20250522_215107.log
2025-05-22 21:51:07,928 - INFO - Processing partition 2 of 5
2025-05-22 21:51:07,928 - INFO - Number of languages currently filtering: 2
2025-05-22 21:51:07,928 - INFO - Languages included:
2025-05-22 21:51:07,928 - INFO -   - C-SHARP
2025-05-22 21:51:07,928 - INFO -   - GO
2025-05-22 21:51:07,928 - INFO - Working with C-SHARP language...
2025-05-22 21:51:15,040 - INFO -   - Successfully loaded the code data.
2025-05-22 21:51:24,459 - INFO -   - Data shuffling completed.
2025-05-22 22:01:35,744 - INFO -   - 'avg_line_length' feature added to the dataset.
2025-05-22 22:02:03,767 - INFO -   - Data slicing completed.
2025-05-22 22:02:03,768 - INFO -   - Working with data statistics and filtering based on it.
2025-05-22 22:02:05,749 - INFO - Statistics for avg_line_length:
count    2.500000e+06
mean     3.006524e+01
std      9.326857e+00
min      1.527027e+00
25%      2.366667e+01
50%      2.913793e+01
75%      3.517967e+01
max      1.385000e+02
Name: avg_line_length, dtype: float64
2025-05-22 22:02:07,215 - INFO - Box plot for average line length saved to ./graphs/c-sharp_box_plot_avg_line_length.png
2025-05-22 22:02:07,262 - INFO - Number of outliers identified: 52350
2025-05-22 22:02:07,262 - INFO - Dropping outliers from the dataset.
2025-05-22 22:02:07,386 - INFO - Statistics for avg_line_length after outlier removal:
count    2.447650e+06
mean     2.940374e+01
std      8.116811e+00
min      6.400000e+00
25%      2.353846e+01
50%      2.891667e+01
75%      3.472917e+01
max      5.244915e+01
Name: avg_line_length, dtype: float64
2025-05-22 22:02:18,285 - INFO - 'line_count' feature added to the dataset.
2025-05-22 22:02:18,315 - INFO - Statistics for line_count:
count    2.447650e+06
mean     1.084330e+02
std      3.396783e+02
min      1.000000e+00
25%      2.300000e+01
50%      4.800000e+01
75%      1.050000e+02
max      8.881900e+04
Name: line_count, dtype: float64
2025-05-22 22:02:18,496 - INFO - Distribution of code lengths saved to ./graphs/c-sharp_distribution_of_code_lengths.png
2025-05-22 22:02:18,665 - INFO - Statistics comparison for 'avg_line_length' and 'line_count' before and after filtering:
2025-05-22 22:02:18,742 - INFO - BEFORE: 
       avg_line_length    line_count
count     2.447650e+06  2.447650e+06
mean      2.940374e+01  1.084330e+02
std       8.116811e+00  3.396783e+02
min       6.400000e+00  1.000000e+00
25%       2.353846e+01  2.300000e+01
50%       2.891667e+01  4.800000e+01
75%       3.472917e+01  1.050000e+02
max       5.244915e+01  8.881900e+04
2025-05-22 22:02:18,798 - INFO - AFTER: 
       avg_line_length    line_count
count     1.763508e+06  1.763508e+06
mean      2.576687e+01  5.152531e+01
std       5.563121e+00  4.471849e+01
min       6.400000e+00  1.000000e+00
25%       2.183333e+01  1.900000e+01
50%       2.616667e+01  3.600000e+01
75%       3.022222e+01  6.800000e+01
max       3.520354e+01  2.220000e+02
2025-05-22 22:02:36,888 - INFO -   - Data filtered successfully.
2025-05-22 22:02:36,889 - INFO -   - Writing filtered data to disk.
2025-05-22 22:02:45,635 - INFO -   - Data successfully saved at ./filtered_data/c-sharp.json.
2025-05-22 22:02:45,635 - INFO - Working with GO language...
2025-05-22 22:02:50,051 - INFO -   - Successfully loaded the code data.
2025-05-22 22:02:54,338 - INFO -   - Data shuffling completed.
2025-05-22 22:06:41,011 - INFO -   - 'avg_line_length' feature added to the dataset.
2025-05-22 22:07:10,527 - INFO -   - Data slicing completed.
2025-05-22 22:07:10,528 - INFO -   - Working with data statistics and filtering based on it.
2025-05-22 22:07:12,196 - INFO - Statistics for avg_line_length:
count    2.500000e+06
mean     2.426622e+01
std      7.928106e+00
min      1.039474e+00
25%      1.905495e+01
50%      2.333333e+01
75%      2.818979e+01
max      1.155000e+02
Name: avg_line_length, dtype: float64
2025-05-22 22:07:13,448 - INFO - Box plot for average line length saved to ./graphs/go_box_plot_avg_line_length.png
2025-05-22 22:07:13,498 - INFO - Number of outliers identified: 68300
2025-05-22 22:07:13,498 - INFO - Dropping outliers from the dataset.
2025-05-22 22:07:13,633 - INFO - Statistics for avg_line_length after outlier removal:
count    2.431700e+06
mean     2.354309e+01
std      6.514649e+00
min      5.352941e+00
25%      1.892857e+01
50%      2.311111e+01
75%      2.769927e+01
max      4.189205e+01
Name: avg_line_length, dtype: float64
2025-05-22 22:07:26,040 - INFO - 'line_count' feature added to the dataset.
2025-05-22 22:07:26,069 - INFO - Statistics for line_count:
count    2.431700e+06
mean     1.693631e+02
std      6.826490e+02
min      1.000000e+00
25%      3.700000e+01
50%      7.600000e+01
75%      1.570000e+02
max      1.140890e+05
Name: line_count, dtype: float64
2025-05-22 22:07:26,256 - INFO - Distribution of code lengths saved to ./graphs/go_distribution_of_code_lengths.png
2025-05-22 22:07:26,453 - INFO - Statistics comparison for 'avg_line_length' and 'line_count' before and after filtering:
2025-05-22 22:07:26,522 - INFO - BEFORE: 
       avg_line_length    line_count
count     2.431700e+06  2.431700e+06
mean      2.354309e+01  1.693631e+02
std       6.514649e+00  6.826490e+02
min       5.352941e+00  1.000000e+00
25%       1.892857e+01  3.700000e+01
50%       2.311111e+01  7.600000e+01
75%       2.769927e+01  1.570000e+02
max       4.189205e+01  1.140890e+05
2025-05-22 22:07:26,570 - INFO - AFTER: 
       avg_line_length    line_count
count     1.751120e+06  1.751120e+06
mean      2.068035e+01  8.178845e+01
std       4.496798e+00  6.681383e+01
min       5.352941e+00  1.000000e+00
25%       1.757000e+01  3.100000e+01
50%       2.100000e+01  6.100000e+01
75%       2.423810e+01  1.130000e+02
max       2.835484e+01  3.070000e+02
2025-05-22 22:07:45,412 - INFO -   - Data filtered successfully.
2025-05-22 22:07:45,413 - INFO -   - Writing filtered data to disk.
2025-05-22 22:07:57,896 - INFO -   - Data successfully saved at ./filtered_data/go.json.
2025-05-22 22:07:59,286 - INFO - Filter process completed. Successfully filtered 2/2 datasets.
