2025-06-06 14:21:09,369 - INFO - Logging initialized. Log file: ./logs/data_filter_20250606_142109.log
2025-06-06 14:21:09,369 - INFO - Processing partition 4 of 5
2025-06-06 14:21:09,369 - INFO - Number of languages currently filtering: 2
2025-06-06 14:21:09,369 - INFO - Languages included:
2025-06-06 14:21:09,369 - INFO -   - PYTHON
2025-06-06 14:21:09,369 - INFO -   - RUBY
2025-06-06 14:21:09,369 - INFO - Working with PYTHON language...
2025-06-06 14:21:18,843 - INFO -   - Successfully loaded the code data.
2025-06-06 14:21:30,359 - INFO -   - Data shuffling completed.
2025-06-06 14:40:21,521 - INFO -   - 'avg_line_length' feature added to the dataset.
2025-06-06 14:40:32,410 - INFO -   - Data slicing completed.
2025-06-06 14:40:32,411 - INFO -   - Working with data statistics and filtering based on it.
2025-06-06 14:40:33,226 - INFO - Statistics for avg_line_length:
count    1000000.000000
mean          30.437482
std            8.942967
min            0.771134
25%           24.615385
50%           30.017964
75%           35.477606
max          132.000000
Name: avg_line_length, dtype: float64
2025-06-06 14:40:33,935 - INFO - Box plot for average line length saved to ./graphs/python_box_plot_avg_line_length.png
2025-06-06 14:40:33,954 - INFO - Number of outliers identified: 19813
2025-06-06 14:40:33,954 - INFO - Dropping outliers from the dataset.
2025-06-06 14:40:34,006 - INFO - Statistics for avg_line_length after outlier removal:
count    980187.000000
mean         29.929333
std           7.870693
min           8.327684
25%          24.535714
50%          29.861111
75%          35.139241
max          51.769784
Name: avg_line_length, dtype: float64
2025-06-06 14:40:38,310 - INFO - 'line_count' feature added to the dataset.
2025-06-06 14:40:38,322 - INFO - Statistics for line_count:
count    980187.000000
mean        129.727594
std         314.272510
min           1.000000
25%          26.000000
50%          60.000000
75%         138.000000
max       47136.000000
Name: line_count, dtype: float64
2025-06-06 14:40:38,453 - INFO - Distribution of code lengths saved to ./graphs/python_distribution_of_code_lengths.png
2025-06-06 14:40:38,517 - INFO - Statistics comparison for 'avg_line_length' and 'line_count' before and after filtering:
2025-06-06 14:40:38,553 - INFO - BEFORE: 
       avg_line_length     line_count
count    980187.000000  980187.000000
mean         29.929333     129.727594
std           7.870693     314.272510
min           8.327684       1.000000
25%          24.535714      26.000000
50%          29.861111      60.000000
75%          35.139241     138.000000
max          51.769784   47136.000000
2025-06-06 14:40:38,577 - INFO - AFTER: 
       avg_line_length     line_count
count    706126.000000  706126.000000
mean         26.512443      66.208535
std           5.754938      61.423686
min           8.327684       1.000000
25%          22.666667      21.000000
50%          27.218487      45.000000
75%          31.095636      92.000000
max          35.698413     286.000000
2025-06-06 14:40:45,706 - INFO -   - Data filtered successfully.
2025-06-06 14:40:45,706 - INFO -   - Writing filtered data to disk.
2025-06-06 14:40:50,034 - INFO -   - Data successfully saved at ./filtered_data/python.json.
2025-06-06 14:40:50,035 - INFO - Working with RUBY language...
2025-06-06 14:40:51,284 - INFO -   - Successfully loaded the code data.
2025-06-06 14:40:54,280 - INFO -   - Data shuffling completed.
2025-06-06 14:42:39,678 - INFO -   - 'avg_line_length' feature added to the dataset.
2025-06-06 14:42:41,684 - INFO -   - Data slicing completed.
2025-06-06 14:42:41,684 - INFO -   - Working with data statistics and filtering based on it.
2025-06-06 14:42:41,945 - INFO - Statistics for avg_line_length:
count    1000000.000000
mean          26.338585
std            8.885396
min            0.534247
25%           20.454545
50%           25.361535
75%           30.950000
max          125.000000
Name: avg_line_length, dtype: float64
2025-06-06 14:42:42,425 - INFO - Box plot for average line length saved to ./graphs/ruby_box_plot_avg_line_length.png
2025-06-06 14:42:42,440 - INFO - Number of outliers identified: 24252
2025-06-06 14:42:42,440 - INFO - Dropping outliers from the dataset.
2025-06-06 14:42:42,489 - INFO - Statistics for avg_line_length after outlier removal:
count    975748.000000
mean         25.605067
std           7.457854
min           4.714286
25%          20.333333
50%          25.136364
75%          30.451613
max          46.693122
Name: avg_line_length, dtype: float64
2025-06-06 14:42:44,400 - INFO - 'line_count' feature added to the dataset.
2025-06-06 14:42:44,411 - INFO - Statistics for line_count:
count    975748.000000
mean         63.178015
std         198.403377
min           1.000000
25%          14.000000
50%          30.000000
75%          66.000000
max       50569.000000
Name: line_count, dtype: float64
2025-06-06 14:42:44,538 - INFO - Distribution of code lengths saved to ./graphs/ruby_distribution_of_code_lengths.png
2025-06-06 14:42:44,595 - INFO - Statistics comparison for 'avg_line_length' and 'line_count' before and after filtering:
2025-06-06 14:42:44,623 - INFO - BEFORE: 
       avg_line_length     line_count
count    975748.000000  975748.000000
mean         25.605067      63.178015
std           7.457854     198.403377
min           4.714286       1.000000
25%          20.333333      14.000000
50%          25.136364      30.000000
75%          30.451613      66.000000
max          46.693122   50569.000000
2025-06-06 14:42:44,645 - INFO - AFTER: 
       avg_line_length     line_count
count    703473.000000  703473.000000
mean         22.305940      33.936157
std           5.160326      28.911995
min           4.714286       1.000000
25%          18.777778      12.000000
50%          22.687500      24.000000
75%          26.379310      48.000000
max          31.130769     132.000000
2025-06-06 14:42:51,944 - INFO -   - Data filtered successfully.
2025-06-06 14:42:51,945 - INFO -   - Writing filtered data to disk.
2025-06-06 14:42:54,544 - INFO -   - Data successfully saved at ./filtered_data/ruby.json.
2025-06-06 14:42:54,875 - INFO - Filter process completed. Successfully filtered 2/2 datasets.
