2025-06-06 11:50:58,693 - INFO - Logging initialized. Log file: ./logs/data_filter_20250606_115058.log
2025-06-06 11:50:58,693 - INFO - Processing partition 1 of 5
2025-06-06 11:50:58,694 - INFO - Number of languages currently filtering: 2
2025-06-06 11:50:58,694 - INFO - Languages included:
2025-06-06 11:50:58,694 - INFO -   - C
2025-06-06 11:50:58,694 - INFO -   - CPP
2025-06-06 11:50:58,694 - INFO - Working with C language...
2025-06-06 11:51:07,416 - INFO -   - Successfully loaded the code data.
2025-06-06 11:51:14,708 - INFO -   - Data shuffling completed.
2025-06-06 12:02:38,285 - INFO -   - 'avg_line_length' feature added to the dataset.
2025-06-06 12:02:52,006 - INFO -   - Data slicing completed.
2025-06-06 12:02:52,007 - INFO -   - Working with data statistics and filtering based on it.
2025-06-06 12:02:52,587 - INFO - Statistics for avg_line_length:
count    1000000.000000
mean          27.000691
std           10.132654
min            0.800000
25%           20.081633
50%           25.707512
75%           32.043553
max          125.000000
Name: avg_line_length, dtype: float64
2025-06-06 12:02:53,359 - INFO - Box plot for average line length saved to ./graphs/c_box_plot_avg_line_length.png
2025-06-06 12:02:53,375 - INFO - Number of outliers identified: 26737
2025-06-06 12:02:53,375 - INFO - Dropping outliers from the dataset.
2025-06-06 12:02:53,424 - INFO - Statistics for avg_line_length after outlier removal:
count    973263.000000
mean         26.046398
std           8.236345
min           2.141350
25%          19.914894
50%          25.416667
75%          31.431034
max          49.986430
Name: avg_line_length, dtype: float64
2025-06-06 12:02:59,195 - INFO - 'line_count' feature added to the dataset.
2025-06-06 12:02:59,207 - INFO - Statistics for line_count:
count    973263.000000
mean        190.026513
std         719.059260
min           1.000000
25%          28.000000
50%          60.000000
75%         147.000000
max      149142.000000
Name: line_count, dtype: float64
2025-06-06 12:02:59,310 - INFO - Distribution of code lengths saved to ./graphs/c_distribution_of_code_lengths.png
2025-06-06 12:02:59,367 - INFO - Statistics comparison for 'avg_line_length' and 'line_count' before and after filtering:
2025-06-06 12:02:59,396 - INFO - BEFORE: 
       avg_line_length     line_count
count    973263.000000  973263.000000
mean         26.046398     190.026513
std           8.236345     719.059260
min           2.141350       1.000000
25%          19.914894      28.000000
50%          25.416667      60.000000
75%          31.431034     147.000000
max          49.986430  149142.000000
2025-06-06 12:02:59,420 - INFO - AFTER: 
       avg_line_length     line_count
count    700821.000000  700821.000000
mean         22.544272      74.424718
std           5.721797      75.290485
min           2.157895       1.000000
25%          18.214286      23.000000
50%          22.764706      45.000000
75%          27.161871      97.000000
max          32.675676     368.000000
2025-06-06 12:03:06,815 - INFO -   - Data filtered successfully.
2025-06-06 12:03:06,815 - INFO -   - Writing filtered data to disk.
2025-06-06 12:03:11,121 - INFO -   - Data successfully saved at ./filtered_data/c.json.
2025-06-06 12:03:11,121 - INFO - Working with CPP language...
2025-06-06 12:03:18,950 - INFO -   - Successfully loaded the code data.
2025-06-06 12:03:24,619 - INFO -   - Data shuffling completed.
2025-06-06 12:13:28,343 - INFO -   - 'avg_line_length' feature added to the dataset.
2025-06-06 12:13:43,670 - INFO -   - Data slicing completed.
2025-06-06 12:13:43,671 - INFO -   - Working with data statistics and filtering based on it.
2025-06-06 12:13:44,042 - INFO - Statistics for avg_line_length:
count    1000000.000000
mean          27.403012
std            8.895486
min            0.600000
25%           21.308963
50%           26.771084
75%           32.481013
max          103.000000
Name: avg_line_length, dtype: float64
2025-06-06 12:13:44,528 - INFO - Box plot for average line length saved to ./graphs/cpp_box_plot_avg_line_length.png
2025-06-06 12:13:44,541 - INFO - Number of outliers identified: 17201
2025-06-06 12:13:44,541 - INFO - Dropping outliers from the dataset.
2025-06-06 12:13:44,590 - INFO - Statistics for avg_line_length after outlier removal:
count    982799.000000
mean         26.855130
std           7.801961
min           4.556962
25%          21.206897
50%          26.595238
75%          32.138365
max          49.238636
Name: avg_line_length, dtype: float64
2025-06-06 12:13:51,374 - INFO - 'line_count' feature added to the dataset.
2025-06-06 12:13:51,386 - INFO - Statistics for line_count:
count    982799.000000
mean        227.214722
std         719.277967
min           1.000000
25%          42.000000
50%          91.000000
75%         209.000000
max      171977.000000
Name: line_count, dtype: float64
2025-06-06 12:13:51,520 - INFO - Distribution of code lengths saved to ./graphs/cpp_distribution_of_code_lengths.png
2025-06-06 12:13:51,584 - INFO - Statistics comparison for 'avg_line_length' and 'line_count' before and after filtering:
2025-06-06 12:13:51,613 - INFO - BEFORE: 
       avg_line_length     line_count
count    982799.000000  982799.000000
mean         26.855130     227.214722
std           7.801961     719.277967
min           4.556962       1.000000
25%          21.206897      42.000000
50%          26.595238      91.000000
75%          32.138365     209.000000
max          49.238636  171977.000000
2025-06-06 12:13:51,634 - INFO - AFTER: 
       avg_line_length     line_count
count    707641.000000  707641.000000
mean         23.511587     103.446365
std           5.631325      97.160249
min           4.556962       1.000000
25%          19.470588      34.000000
50%          23.955752      68.000000
75%          28.064516     139.000000
max          32.925595     464.000000
2025-06-06 12:13:59,301 - INFO -   - Data filtered successfully.
2025-06-06 12:13:59,302 - INFO -   - Writing filtered data to disk.
2025-06-06 12:14:04,698 - INFO -   - Data successfully saved at ./filtered_data/cpp.json.
2025-06-06 12:14:05,342 - INFO - Filter process completed. Successfully filtered 2/2 datasets.
