2025-06-06 13:07:21,885 - INFO - Logging initialized. Log file: ./logs/data_filter_20250606_130721.log
2025-06-06 13:07:21,885 - INFO - Processing partition 3 of 5
2025-06-06 13:07:21,885 - INFO - Number of languages currently filtering: 2
2025-06-06 13:07:21,885 - INFO - Languages included:
2025-06-06 13:07:21,885 - INFO -   - JAVA
2025-06-06 13:07:21,885 - INFO -   - JAVASCRIPT
2025-06-06 13:07:21,885 - INFO - Working with JAVA language...
2025-06-06 13:07:35,737 - INFO -   - Successfully loaded the code data.
2025-06-06 13:07:54,363 - INFO -   - Data shuffling completed.
2025-06-06 13:47:38,219 - INFO -   - 'avg_line_length' feature added to the dataset.
2025-06-06 13:47:48,427 - INFO -   - Data slicing completed.
2025-06-06 13:47:48,428 - INFO -   - Working with data statistics and filtering based on it.
2025-06-06 13:47:49,176 - INFO - Statistics for avg_line_length:
count    1000000.000000
mean          29.340882
std            8.865611
min            2.357143
25%           23.018497
50%           28.906977
75%           34.816092
max          102.000000
Name: avg_line_length, dtype: float64
2025-06-06 13:47:49,837 - INFO - Box plot for average line length saved to ./graphs/java_box_plot_avg_line_length.png
2025-06-06 13:47:49,854 - INFO - Number of outliers identified: 11882
2025-06-06 13:47:49,854 - INFO - Dropping outliers from the dataset.
2025-06-06 13:47:49,907 - INFO - Statistics for avg_line_length after outlier removal:
count    988118.000000
mean         28.972783
std           8.183916
min           5.333333
25%          22.942071
50%          28.777778
75%          34.575758
max          52.512195
Name: avg_line_length, dtype: float64
2025-06-06 13:47:54,186 - INFO - 'line_count' feature added to the dataset.
2025-06-06 13:47:54,200 - INFO - Statistics for line_count:
count    988118.000000
mean        122.678449
std         333.145625
min           1.000000
25%          31.000000
50%          63.000000
75%         125.000000
max       35279.000000
Name: line_count, dtype: float64
2025-06-06 13:47:54,300 - INFO - Distribution of code lengths saved to ./graphs/java_distribution_of_code_lengths.png
2025-06-06 13:47:54,365 - INFO - Statistics comparison for 'avg_line_length' and 'line_count' before and after filtering:
2025-06-06 13:47:54,395 - INFO - BEFORE: 
       avg_line_length     line_count
count    988118.000000  988118.000000
mean         28.972783     122.678449
std           8.183916     333.145625
min           5.333333       1.000000
25%          22.942071      31.000000
50%          28.777778      63.000000
75%          34.575758     125.000000
max          52.512195   35279.000000
2025-06-06 13:47:54,414 - INFO - AFTER: 
       avg_line_length     line_count
count    711922.000000  711922.000000
mean         25.482285      64.652598
std           5.884060      52.096228
min           5.333333       1.000000
25%          21.131579      25.000000
50%          25.956522      48.000000
75%          30.305556      88.000000
max          35.266667     246.000000
2025-06-06 13:48:01,817 - INFO -   - Data filtered successfully.
2025-06-06 13:48:01,817 - INFO -   - Writing filtered data to disk.
2025-06-06 13:48:05,898 - INFO -   - Data successfully saved at ./filtered_data/java.json.
2025-06-06 13:48:05,899 - INFO - Working with JAVASCRIPT language...
2025-06-06 13:48:16,359 - INFO -   - Successfully loaded the code data.
2025-06-06 13:48:35,081 - INFO -   - Data shuffling completed.
2025-06-06 14:18:17,533 - INFO -   - 'avg_line_length' feature added to the dataset.
2025-06-06 14:18:26,592 - INFO -   - Data slicing completed.
2025-06-06 14:18:26,592 - INFO -   - Working with data statistics and filtering based on it.
2025-06-06 14:18:27,038 - INFO - Statistics for avg_line_length:
count    1000000.000000
mean          27.901031
std           10.349127
min            0.816038
25%           21.633333
50%           26.114286
75%           31.600000
max          133.000000
Name: avg_line_length, dtype: float64
2025-06-06 14:18:27,572 - INFO - Box plot for average line length saved to ./graphs/javascript_box_plot_avg_line_length.png
2025-06-06 14:18:27,591 - INFO - Number of outliers identified: 45336
2025-06-06 14:18:27,591 - INFO - Dropping outliers from the dataset.
2025-06-06 14:18:27,639 - INFO - Statistics for avg_line_length after outlier removal:
count    954664.000000
mean         26.349664
std           7.010380
min           6.684211
25%          21.418605
50%          25.720000
75%          30.666667
max          46.550000
Name: avg_line_length, dtype: float64
2025-06-06 14:18:31,103 - INFO - 'line_count' feature added to the dataset.
2025-06-06 14:18:31,115 - INFO - Statistics for line_count:
count    954664.000000
mean        108.199393
std         493.717476
min           1.000000
25%          20.000000
50%          44.000000
75%          98.000000
max       88800.000000
Name: line_count, dtype: float64
2025-06-06 14:18:31,212 - INFO - Distribution of code lengths saved to ./graphs/javascript_distribution_of_code_lengths.png
2025-06-06 14:18:31,279 - INFO - Statistics comparison for 'avg_line_length' and 'line_count' before and after filtering:
2025-06-06 14:18:31,310 - INFO - BEFORE: 
       avg_line_length     line_count
count    954664.000000  954664.000000
mean         26.349664     108.199393
std           7.010380     493.717476
min           6.684211       1.000000
25%          21.418605      20.000000
50%          25.720000      44.000000
75%          30.666667      98.000000
max          46.550000   88800.000000
2025-06-06 14:18:31,331 - INFO - AFTER: 
       avg_line_length     line_count
count    687775.000000  687775.000000
mean         23.299492      51.318469
std           4.708357      45.053559
min           6.684211       1.000000
25%          20.066667      18.000000
50%          23.633333      36.000000
75%          26.974110      71.000000
max          31.482353     207.000000
2025-06-06 14:18:38,816 - INFO -   - Data filtered successfully.
2025-06-06 14:18:38,816 - INFO -   - Writing filtered data to disk.
2025-06-06 14:18:42,096 - INFO -   - Data successfully saved at ./filtered_data/javascript.json.
2025-06-06 14:18:42,541 - INFO - Filter process completed. Successfully filtered 2/2 datasets.
