2025-05-14 22:02:26,521 - INFO - Logging initialized. Log file: ./logs/data_filter_20250514_220226.log
2025-05-14 22:02:26,521 - INFO - Processing partition 4 of 4
2025-05-14 22:02:26,521 - INFO - Number of languages currently filtering: 3
2025-05-14 22:02:26,521 - INFO - Languages included:
2025-05-14 22:02:26,521 - INFO -   - RUST
2025-05-14 22:02:26,521 - INFO -   - SCALA
2025-05-14 22:02:26,522 - INFO -   - TYPESCRIPT
2025-05-14 22:02:26,522 - INFO - Working with RUST language...
2025-05-14 22:02:28,040 - INFO -   - Successfully loaded the code data.
2025-05-14 22:02:29,108 - INFO -   - Data shuffling completed.
2025-05-14 22:03:24,016 - INFO -   - 'avg_line_length' feature added to the dataset.
2025-05-14 22:03:28,186 - INFO -   - Data slicing completed.
2025-05-14 22:03:28,187 - INFO -   - Working with data statistics and filtering based on it.
2025-05-14 22:03:28,576 - INFO - Statistics for avg_line_length:
count    1.380468e+06
mean     2.789903e+01
std      8.248521e+00
min      8.181818e-01
25%      2.310714e+01
50%      2.766667e+01
75%      3.203448e+01
max      9.911111e+01
Name: avg_line_length, dtype: float64
2025-05-14 22:03:29,443 - INFO - Box plot for average line length saved to ./graphs/RUST_box_plot_avg_line_length.png
2025-05-14 22:03:29,464 - INFO - Number of outliers identified: 38662
2025-05-14 22:03:29,465 - INFO - Dropping outliers from the dataset.
2025-05-14 22:03:29,537 - INFO - Statistics for avg_line_length after outlier removal:
count    1.341806e+06
mean     2.735949e+01
std      6.616487e+00
min      9.722222e+00
25%      2.309091e+01
50%      2.753846e+01
75%      3.173529e+01
max      4.542500e+01
Name: avg_line_length, dtype: float64
2025-05-14 22:03:37,728 - INFO - 'line_count' feature added to the dataset.
2025-05-14 22:03:37,743 - INFO - Statistics for line_count:
count    1.341806e+06
mean     1.903655e+02
std      5.640785e+02
min      1.000000e+00
25%      3.400000e+01
50%      8.200000e+01
75%      1.910000e+02
max      6.538000e+04
Name: line_count, dtype: float64
2025-05-14 22:03:37,872 - INFO - Distribution of code lengths saved to ./graphs/RUST_distribution_of_code_lengths.png
2025-05-14 22:03:37,954 - INFO - Statistics comparison for 'avg_line_length' and 'line_count' before and after filtering:
2025-05-14 22:03:37,993 - INFO - BEFORE: 
       avg_line_length    line_count
count     1.341806e+06  1.341806e+06
mean      2.735949e+01  1.903655e+02
std       6.616487e+00  5.640785e+02
min       9.722222e+00  1.000000e+00
25%       2.309091e+01  3.400000e+01
50%       2.753846e+01  8.200000e+01
75%       3.173529e+01  1.910000e+02
max       4.542500e+01  6.538000e+04
2025-05-14 22:03:38,025 - INFO - AFTER: 
       avg_line_length     line_count
count    966257.000000  966257.000000
mean         24.545847      90.722272
std           5.036338      87.073073
min           9.722222       1.000000
25%          21.400000      26.000000
50%          25.375000      61.000000
75%          28.528986     127.000000
max          32.126437     405.000000
2025-05-14 22:03:48,140 - INFO -   - Data filtered successfully.
2025-05-14 22:03:48,141 - INFO -   - Writing filtered data to disk.
2025-05-14 22:03:55,064 - INFO -   - Data successfully saved at ./filtered_data/rust.json.
2025-05-14 22:03:55,065 - INFO - Working with SCALA language...
2025-05-14 22:03:56,019 - INFO -   - Successfully loaded the code data.
2025-05-14 22:03:57,107 - INFO -   - Data shuffling completed.
2025-05-14 22:04:48,594 - INFO -   - 'avg_line_length' feature added to the dataset.
2025-05-14 22:04:51,962 - INFO -   - Data slicing completed.
2025-05-14 22:04:51,963 - INFO -   - Working with data statistics and filtering based on it.
2025-05-14 22:04:52,338 - INFO - Statistics for avg_line_length:
count    1.355788e+06
mean     3.192329e+01
std      8.714524e+00
min      1.800000e+00
25%      2.648315e+01
50%      3.167347e+01
75%      3.679892e+01
max      9.904051e+01
Name: avg_line_length, dtype: float64
2025-05-14 22:04:53,032 - INFO - Box plot for average line length saved to ./graphs/SCALA_box_plot_avg_line_length.png
2025-05-14 22:04:53,058 - INFO - Number of outliers identified: 32882
2025-05-14 22:04:53,058 - INFO - Dropping outliers from the dataset.
2025-05-14 22:04:53,134 - INFO - Statistics for avg_line_length after outlier removal:
count    1.322906e+06
mean     3.148466e+01
std      7.620113e+00
min      1.102042e+01
25%      2.645455e+01
50%      3.153846e+01
75%      3.647417e+01
max      5.227132e+01
Name: avg_line_length, dtype: float64
2025-05-14 22:04:57,593 - INFO - 'line_count' feature added to the dataset.
2025-05-14 22:04:57,609 - INFO - Statistics for line_count:
count    1.322906e+06
mean     9.489140e+01
std      2.054064e+02
min      1.000000e+00
25%      2.600000e+01
50%      5.100000e+01
75%      1.010000e+02
max      2.813500e+04
Name: line_count, dtype: float64
2025-05-14 22:04:57,727 - INFO - Distribution of code lengths saved to ./graphs/SCALA_distribution_of_code_lengths.png
2025-05-14 22:04:57,802 - INFO - Statistics comparison for 'avg_line_length' and 'line_count' before and after filtering:
2025-05-14 22:04:57,841 - INFO - BEFORE: 
       avg_line_length    line_count
count     1.322906e+06  1.322906e+06
mean      3.148466e+01  9.489140e+01
std       7.620113e+00  2.054064e+02
min       1.102042e+01  1.000000e+00
25%       2.645455e+01  2.600000e+01
50%       3.153846e+01  5.100000e+01
75%       3.647417e+01  1.010000e+02
max       5.227132e+01  2.813500e+04
2025-05-14 22:04:57,871 - INFO - AFTER: 
       avg_line_length     line_count
count    952890.000000  952890.000000
mean         28.315120      53.916435
std           5.735882      42.453203
min          11.025000       1.000000
25%          24.600000      22.000000
50%          29.166667      41.000000
75%          32.857143      73.000000
max          37.209302     198.000000
2025-05-14 22:05:07,989 - INFO -   - Data filtered successfully.
2025-05-14 22:05:07,989 - INFO -   - Writing filtered data to disk.
2025-05-14 22:05:13,156 - INFO -   - Data successfully saved at ./filtered_data/scala.json.
2025-05-14 22:05:13,157 - INFO - Working with TYPESCRIPT language...
2025-05-14 22:05:17,800 - INFO -   - Successfully loaded the code data.
2025-05-14 22:05:27,741 - INFO -   - Data shuffling completed.
2025-05-14 22:13:05,348 - INFO -   - 'avg_line_length' feature added to the dataset.
2025-05-14 22:13:22,497 - INFO -   - Data slicing completed.
2025-05-14 22:13:22,498 - INFO -   - Working with data statistics and filtering based on it.
2025-05-14 22:13:23,434 - INFO - Statistics for avg_line_length:
count    2.500000e+06
mean     2.803277e+01
std      8.860259e+00
min      1.000000e+00
25%      2.244118e+01
50%      2.686410e+01
75%      3.200000e+01
max      1.290000e+02
Name: avg_line_length, dtype: float64
2025-05-14 22:13:24,647 - INFO - Box plot for average line length saved to ./graphs/TYPESCRIPT_box_plot_avg_line_length.png
2025-05-14 22:13:24,688 - INFO - Number of outliers identified: 86753
2025-05-14 22:13:24,688 - INFO - Dropping outliers from the dataset.
2025-05-14 22:13:24,815 - INFO - Statistics for avg_line_length after outlier removal:
count    2.413247e+06
mean     2.702936e+01
std      6.850731e+00
min      8.111111e+00
25%      2.227273e+01
50%      2.657639e+01
75%      3.134146e+01
max      4.633824e+01
Name: avg_line_length, dtype: float64
2025-05-14 22:13:31,792 - INFO - 'line_count' feature added to the dataset.
2025-05-14 22:13:31,822 - INFO - Statistics for line_count:
count    2.413247e+06
mean     8.136099e+01
std      3.248673e+02
min      1.000000e+00
25%      1.700000e+01
50%      3.700000e+01
75%      8.200000e+01
max      9.000400e+04
Name: line_count, dtype: float64
2025-05-14 22:13:32,070 - INFO - Distribution of code lengths saved to ./graphs/TYPESCRIPT_distribution_of_code_lengths.png
2025-05-14 22:13:32,220 - INFO - Statistics comparison for 'avg_line_length' and 'line_count' before and after filtering:
2025-05-14 22:13:32,293 - INFO - BEFORE: 
       avg_line_length    line_count
count     2.413247e+06  2.413247e+06
mean      2.702936e+01  8.136099e+01
std       6.850731e+00  3.248673e+02
min       8.111111e+00  1.000000e+00
25%       2.227273e+01  1.700000e+01
50%       2.657639e+01  3.700000e+01
75%       3.134146e+01  8.200000e+01
max       4.633824e+01  9.000400e+04
2025-05-14 22:13:32,344 - INFO - AFTER: 
       avg_line_length    line_count
count     1.738950e+06  1.738950e+06
mean      2.414900e+01  4.345560e+01
std       4.786553e+00  3.730238e+01
min       8.111111e+00  1.000000e+00
25%       2.088235e+01  1.500000e+01
50%       2.457143e+01  3.100000e+01
75%       2.790000e+01  6.100000e+01
max       3.226316e+01  1.670000e+02
2025-05-14 22:13:51,213 - INFO -   - Data filtered successfully.
2025-05-14 22:13:51,214 - INFO -   - Writing filtered data to disk.
2025-05-14 22:13:58,859 - INFO -   - Data successfully saved at ./filtered_data/typescript.json.
2025-05-14 22:13:59,711 - INFO - Filter process completed. Successfully filtered 3/3 datasets.
