2025-05-22 23:52:03,457 - INFO - Logging initialized. Log file: ./logs/data_filter_20250522_235203.log
2025-05-22 23:52:03,457 - INFO - Processing partition 5 of 5
2025-05-22 23:52:03,457 - INFO - Number of languages currently filtering: 2
2025-05-22 23:52:03,457 - INFO - Languages included:
2025-05-22 23:52:03,457 - INFO -   - SCALA
2025-05-22 23:52:03,457 - INFO -   - TYPESCRIPT
2025-05-22 23:52:03,457 - INFO - Working with SCALA language...
2025-05-22 23:52:04,210 - INFO -   - Successfully loaded the code data.
2025-05-22 23:52:05,277 - INFO -   - Data shuffling completed.
2025-05-22 23:52:47,294 - INFO -   - 'avg_line_length' feature added to the dataset.
2025-05-22 23:52:50,371 - INFO -   - Data slicing completed.
2025-05-22 23:52:50,371 - INFO -   - Working with data statistics and filtering based on it.
2025-05-22 23:52:50,752 - INFO - Statistics for avg_line_length:
count    1.355788e+06
mean     3.192329e+01
std      8.714524e+00
min      1.800000e+00
25%      2.648315e+01
50%      3.167347e+01
75%      3.679892e+01
max      9.904051e+01
Name: avg_line_length, dtype: float64
2025-05-22 23:52:51,461 - INFO - Box plot for average line length saved to ./graphs/scala_box_plot_avg_line_length.png
2025-05-22 23:52:51,482 - INFO - Number of outliers identified: 32882
2025-05-22 23:52:51,482 - INFO - Dropping outliers from the dataset.
2025-05-22 23:52:51,552 - INFO - Statistics for avg_line_length after outlier removal:
count    1.322906e+06
mean     3.148466e+01
std      7.620113e+00
min      1.102042e+01
25%      2.645455e+01
50%      3.153846e+01
75%      3.647417e+01
max      5.227132e+01
Name: avg_line_length, dtype: float64
2025-05-22 23:52:56,072 - INFO - 'line_count' feature added to the dataset.
2025-05-22 23:52:56,086 - INFO - Statistics for line_count:
count    1.322906e+06
mean     9.489140e+01
std      2.054064e+02
min      1.000000e+00
25%      2.600000e+01
50%      5.100000e+01
75%      1.010000e+02
max      2.813500e+04
Name: line_count, dtype: float64
2025-05-22 23:52:56,305 - INFO - Distribution of code lengths saved to ./graphs/scala_distribution_of_code_lengths.png
2025-05-22 23:52:56,391 - INFO - Statistics comparison for 'avg_line_length' and 'line_count' before and after filtering:
2025-05-22 23:52:56,435 - INFO - BEFORE: 
       avg_line_length    line_count
count     1.322906e+06  1.322906e+06
mean      3.148466e+01  9.489140e+01
std       7.620113e+00  2.054064e+02
min       1.102042e+01  1.000000e+00
25%       2.645455e+01  2.600000e+01
50%       3.153846e+01  5.100000e+01
75%       3.647417e+01  1.010000e+02
max       5.227132e+01  2.813500e+04
2025-05-22 23:52:56,467 - INFO - AFTER: 
       avg_line_length     line_count
count    952890.000000  952890.000000
mean         28.315120      53.916435
std           5.735882      42.453203
min          11.025000       1.000000
25%          24.600000      22.000000
50%          29.166667      41.000000
75%          32.857143      73.000000
max          37.209302     198.000000
2025-05-22 23:53:06,507 - INFO -   - Data filtered successfully.
2025-05-22 23:53:06,507 - INFO -   - Writing filtered data to disk.
2025-05-22 23:53:11,653 - INFO -   - Data successfully saved at ./filtered_data/scala.json.
2025-05-22 23:53:11,654 - INFO - Working with TYPESCRIPT language...
2025-05-22 23:53:16,104 - INFO -   - Successfully loaded the code data.
2025-05-22 23:53:26,143 - INFO -   - Data shuffling completed.
2025-05-22 23:59:27,892 - INFO -   - 'avg_line_length' feature added to the dataset.
2025-05-22 23:59:45,644 - INFO -   - Data slicing completed.
2025-05-22 23:59:45,644 - INFO -   - Working with data statistics and filtering based on it.
2025-05-22 23:59:46,528 - INFO - Statistics for avg_line_length:
count    2.500000e+06
mean     2.803741e+01
std      8.872030e+00
min      1.882353e+00
25%      2.243636e+01
50%      2.686302e+01
75%      3.200000e+01
max      1.110000e+02
Name: avg_line_length, dtype: float64
2025-05-22 23:59:47,764 - INFO - Box plot for average line length saved to ./graphs/typescript_box_plot_avg_line_length.png
2025-05-22 23:59:47,811 - INFO - Number of outliers identified: 87255
2025-05-22 23:59:47,811 - INFO - Dropping outliers from the dataset.
2025-05-22 23:59:47,949 - INFO - Statistics for avg_line_length after outlier removal:
count    2.412745e+06
mean     2.702805e+01
std      6.854621e+00
min      8.093750e+00
25%      2.226667e+01
50%      2.657432e+01
75%      3.134483e+01
max      4.634545e+01
Name: avg_line_length, dtype: float64
2025-05-22 23:59:54,459 - INFO - 'line_count' feature added to the dataset.
2025-05-22 23:59:54,487 - INFO - Statistics for line_count:
count    2.412745e+06
mean     8.155088e+01
std      3.270113e+02
min      1.000000e+00
25%      1.700000e+01
50%      3.700000e+01
75%      8.100000e+01
max      9.000400e+04
Name: line_count, dtype: float64
2025-05-22 23:59:54,734 - INFO - Distribution of code lengths saved to ./graphs/typescript_distribution_of_code_lengths.png
2025-05-22 23:59:54,882 - INFO - Statistics comparison for 'avg_line_length' and 'line_count' before and after filtering:
2025-05-22 23:59:54,958 - INFO - BEFORE: 
       avg_line_length    line_count
count     2.412745e+06  2.412745e+06
mean      2.702805e+01  8.155088e+01
std       6.854621e+00  3.270113e+02
min       8.093750e+00  1.000000e+00
25%       2.226667e+01  1.700000e+01
50%       2.657432e+01  3.700000e+01
75%       3.134483e+01  8.100000e+01
max       4.634545e+01  9.000400e+04
2025-05-22 23:59:55,011 - INFO - AFTER: 
       avg_line_length    line_count
count     1.738885e+06  1.738885e+06
mean      2.414412e+01  4.338576e+01
std       4.786780e+00  3.725226e+01
min       8.093750e+00  1.000000e+00
25%       2.087705e+01  1.500000e+01
50%       2.457143e+01  3.100000e+01
75%       2.789189e+01  6.100000e+01
max       3.226389e+01  1.670000e+02
2025-05-23 00:00:13,815 - INFO -   - Data filtered successfully.
2025-05-23 00:00:13,816 - INFO -   - Writing filtered data to disk.
2025-05-23 00:00:21,484 - INFO -   - Data successfully saved at ./filtered_data/typescript.json.
2025-05-23 00:00:22,355 - INFO - Filter process completed. Successfully filtered 2/2 datasets.
