2025-06-06 14:54:39,701 - INFO - Logging initialized. Log file: ./logs/language_processor_20250606_145439.log
2025-06-06 14:54:39,701 - INFO - Starting processing for 10 languages.
2025-06-06 14:54:39,701 - INFO - Creating output directory: ./filtered_data_parquet.
2025-06-06 14:54:39,701 - INFO - Processing C data...
2025-06-06 14:54:39,701 - INFO - Loading data from ./filtered_data/c.json.
2025-06-06 14:54:43,011 - INFO - Converting C data to parquet format.
2025-06-06 14:54:44,983 - INFO - Saved parquet file to ./filtered_data_parquet/c.parquet.
2025-06-06 14:54:44,987 - INFO - Successfully processed C language.
2025-06-06 14:54:44,987 - INFO - Processing CPP data...
2025-06-06 14:54:44,987 - INFO - Loading data from ./filtered_data/cpp.json.
2025-06-06 14:54:49,457 - INFO - Converting CPP data to parquet format.
2025-06-06 14:54:52,147 - INFO - Saved parquet file to ./filtered_data_parquet/cpp.parquet.
2025-06-06 14:54:52,153 - INFO - Successfully processed CPP language.
2025-06-06 14:54:52,153 - INFO - Processing C-SHARP data...
2025-06-06 14:54:52,153 - INFO - Loading data from ./filtered_data/c-sharp.json.
2025-06-06 14:54:55,175 - INFO - Converting C-SHARP data to parquet format.
2025-06-06 14:54:57,002 - INFO - Saved parquet file to ./filtered_data_parquet/c-sharp.parquet.
2025-06-06 14:54:57,008 - INFO - Successfully processed C-SHARP language.
2025-06-06 14:54:57,008 - INFO - Processing GO data...
2025-06-06 14:54:57,008 - INFO - Loading data from ./filtered_data/go.json.
2025-06-06 14:55:00,862 - INFO - Converting GO data to parquet format.
2025-06-06 14:55:02,854 - INFO - Saved parquet file to ./filtered_data_parquet/go.parquet.
2025-06-06 14:55:02,860 - INFO - Successfully processed GO language.
2025-06-06 14:55:02,860 - INFO - Processing JAVA data...
2025-06-06 14:55:02,860 - INFO - Loading data from ./filtered_data/java.json.
2025-06-06 14:55:06,229 - INFO - Converting JAVA data to parquet format.
2025-06-06 14:55:08,098 - INFO - Saved parquet file to ./filtered_data_parquet/java.parquet.
2025-06-06 14:55:08,104 - INFO - Successfully processed JAVA language.
2025-06-06 14:55:08,104 - INFO - Processing JAVASCRIPT data...
2025-06-06 14:55:08,104 - INFO - Loading data from ./filtered_data/javascript.json.
2025-06-06 14:55:10,784 - INFO - Converting JAVASCRIPT data to parquet format.
2025-06-06 14:55:12,169 - INFO - Saved parquet file to ./filtered_data_parquet/javascript.parquet.
2025-06-06 14:55:12,175 - INFO - Successfully processed JAVASCRIPT language.
2025-06-06 14:55:12,175 - INFO - Processing PYTHON data...
2025-06-06 14:55:12,175 - INFO - Loading data from ./filtered_data/python.json.
2025-06-06 14:55:15,609 - INFO - Converting PYTHON data to parquet format.
2025-06-06 14:55:17,693 - INFO - Saved parquet file to ./filtered_data_parquet/python.parquet.
2025-06-06 14:55:17,699 - INFO - Successfully processed PYTHON language.
2025-06-06 14:55:17,699 - INFO - Processing RUBY data...
2025-06-06 14:55:17,699 - INFO - Loading data from ./filtered_data/ruby.json.
2025-06-06 14:55:19,824 - INFO - Converting RUBY data to parquet format.
2025-06-06 14:55:20,776 - INFO - Saved parquet file to ./filtered_data_parquet/ruby.parquet.
2025-06-06 14:55:20,782 - INFO - Successfully processed RUBY language.
2025-06-06 14:55:20,782 - INFO - Processing SCALA data...
2025-06-06 14:55:20,782 - INFO - Loading data from ./filtered_data/scala.json.
2025-06-06 14:55:23,762 - INFO - Converting SCALA data to parquet format.
2025-06-06 14:55:25,507 - INFO - Saved parquet file to ./filtered_data_parquet/scala.parquet.
2025-06-06 14:55:25,513 - INFO - Successfully processed SCALA language.
2025-06-06 14:55:25,513 - INFO - Processing TYPESCRIPT data...
2025-06-06 14:55:25,513 - INFO - Loading data from ./filtered_data/typescript.json.
2025-06-06 14:55:27,879 - INFO - Converting TYPESCRIPT data to parquet format.
2025-06-06 14:55:29,095 - INFO - Saved parquet file to ./filtered_data_parquet/typescript.parquet.
2025-06-06 14:55:29,101 - INFO - Successfully processed TYPESCRIPT language.
2025-06-06 14:55:29,102 - INFO - Processing complete. Successfully processed 10 of 10 languages.
