2025-05-23 00:10:55,573 - INFO - Logging initialized. Log file: ./logs/language_processor_20250523_001055.log
2025-05-23 00:10:55,573 - INFO - Starting processing for 10 languages.
2025-05-23 00:10:55,573 - INFO - Creating output directory: ./filtered_data_parquet.
2025-05-23 00:10:55,573 - INFO - Processing C data...
2025-05-23 00:10:55,573 - INFO - Loading data from ./filtered_data/c.json.
2025-05-23 00:11:03,807 - INFO - Converting C data to parquet format.
2025-05-23 00:11:08,718 - INFO - Saved parquet file to ./filtered_data_parquet/c.parquet.
2025-05-23 00:11:08,728 - INFO - Successfully processed C language.
2025-05-23 00:11:08,728 - INFO - Processing CPP data...
2025-05-23 00:11:08,728 - INFO - Loading data from ./filtered_data/cpp.json.
2025-05-23 00:11:20,686 - INFO - Converting CPP data to parquet format.
2025-05-23 00:11:27,570 - INFO - Saved parquet file to ./filtered_data_parquet/cpp.parquet.
2025-05-23 00:11:27,586 - INFO - Successfully processed CPP language.
2025-05-23 00:11:27,586 - INFO - Processing C-SHARP data...
2025-05-23 00:11:27,586 - INFO - Loading data from ./filtered_data/c-sharp.json.
2025-05-23 00:11:35,431 - INFO - Converting C-SHARP data to parquet format.
2025-05-23 00:11:39,789 - INFO - Saved parquet file to ./filtered_data_parquet/c-sharp.parquet.
2025-05-23 00:11:39,804 - INFO - Successfully processed C-SHARP language.
2025-05-23 00:11:39,804 - INFO - Processing GO data...
2025-05-23 00:11:39,804 - INFO - Loading data from ./filtered_data/go.json.
2025-05-23 00:11:49,991 - INFO - Converting GO data to parquet format.
2025-05-23 00:11:55,036 - INFO - Saved parquet file to ./filtered_data_parquet/go.parquet.
2025-05-23 00:11:55,051 - INFO - Successfully processed GO language.
2025-05-23 00:11:55,051 - INFO - Processing JAVA data...
2025-05-23 00:11:55,051 - INFO - Loading data from ./filtered_data/java.json.
2025-05-23 00:12:03,857 - INFO - Converting JAVA data to parquet format.
2025-05-23 00:12:08,482 - INFO - Saved parquet file to ./filtered_data_parquet/java.parquet.
2025-05-23 00:12:08,497 - INFO - Successfully processed JAVA language.
2025-05-23 00:12:08,497 - INFO - Processing JAVASCRIPT data...
2025-05-23 00:12:08,497 - INFO - Loading data from ./filtered_data/javascript.json.
2025-05-23 00:12:15,582 - INFO - Converting JAVASCRIPT data to parquet format.
2025-05-23 00:12:19,201 - INFO - Saved parquet file to ./filtered_data_parquet/javascript.parquet.
2025-05-23 00:12:19,215 - INFO - Successfully processed JAVASCRIPT language.
2025-05-23 00:12:19,215 - INFO - Processing PYTHON data...
2025-05-23 00:12:19,215 - INFO - Loading data from ./filtered_data/python.json.
2025-05-23 00:12:28,397 - INFO - Converting PYTHON data to parquet format.
2025-05-23 00:12:33,839 - INFO - Saved parquet file to ./filtered_data_parquet/python.parquet.
2025-05-23 00:12:33,853 - INFO - Successfully processed PYTHON language.
2025-05-23 00:12:33,853 - INFO - Processing RUBY data...
2025-05-23 00:12:33,853 - INFO - Loading data from ./filtered_data/ruby.json.
2025-05-23 00:12:39,525 - INFO - Converting RUBY data to parquet format.
2025-05-23 00:12:42,025 - INFO - Saved parquet file to ./filtered_data_parquet/ruby.parquet.
2025-05-23 00:12:42,039 - INFO - Successfully processed RUBY language.
2025-05-23 00:12:42,039 - INFO - Processing SCALA data...
2025-05-23 00:12:42,039 - INFO - Loading data from ./filtered_data/scala.json.
2025-05-23 00:12:46,461 - INFO - Converting SCALA data to parquet format.
2025-05-23 00:12:48,766 - INFO - Saved parquet file to ./filtered_data_parquet/scala.parquet.
2025-05-23 00:12:48,774 - INFO - Successfully processed SCALA language.
2025-05-23 00:12:48,774 - INFO - Processing TYPESCRIPT data...
2025-05-23 00:12:48,774 - INFO - Loading data from ./filtered_data/typescript.json.
2025-05-23 00:12:55,072 - INFO - Converting TYPESCRIPT data to parquet format.
2025-05-23 00:12:58,216 - INFO - Saved parquet file to ./filtered_data_parquet/typescript.parquet.
2025-05-23 00:12:58,230 - INFO - Successfully processed TYPESCRIPT language.
2025-05-23 00:12:58,230 - INFO - Processing complete. Successfully processed 10 of 10 languages.
