2025-05-15 01:05:02,281 - INFO - Logging initialized. Log file: ./logs/language_processor_20250515_010502.log
2025-05-15 01:05:02,282 - INFO - Starting processing for 12 languages.
2025-05-15 01:05:02,282 - INFO - Creating output directory: ./filtered_data_parquet.
2025-05-15 01:05:02,282 - INFO - Processing C data...
2025-05-15 01:05:02,282 - INFO - Loading data from ./filtered_data/c.json.
2025-05-15 01:05:11,428 - INFO - Converting C data to parquet format.
2025-05-15 01:05:16,675 - INFO - Saved parquet file to ./filtered_data_parquet/c.parquet.
2025-05-15 01:05:16,686 - INFO - Successfully processed C language.
2025-05-15 01:05:16,686 - INFO - Processing CPP data...
2025-05-15 01:05:16,686 - INFO - Loading data from ./filtered_data/cpp.json.
2025-05-15 01:05:31,257 - INFO - Converting CPP data to parquet format.
2025-05-15 01:05:38,208 - INFO - Saved parquet file to ./filtered_data_parquet/cpp.parquet.
2025-05-15 01:05:38,222 - INFO - Successfully processed CPP language.
2025-05-15 01:05:38,222 - INFO - Processing C-SHARP data...
2025-05-15 01:05:38,222 - INFO - Loading data from ./filtered_data/c-sharp.json.
2025-05-15 01:05:46,511 - INFO - Converting C-SHARP data to parquet format.
2025-05-15 01:05:51,017 - INFO - Saved parquet file to ./filtered_data_parquet/c-sharp.parquet.
2025-05-15 01:05:51,032 - INFO - Successfully processed C-SHARP language.
2025-05-15 01:05:51,032 - INFO - Processing GO data...
2025-05-15 01:05:51,032 - INFO - Loading data from ./filtered_data/go.json.
2025-05-15 01:06:01,933 - INFO - Converting GO data to parquet format.
2025-05-15 01:06:07,248 - INFO - Saved parquet file to ./filtered_data_parquet/go.parquet.
2025-05-15 01:06:07,262 - INFO - Successfully processed GO language.
2025-05-15 01:06:07,262 - INFO - Processing JAVA data...
2025-05-15 01:06:07,262 - INFO - Loading data from ./filtered_data/java.json.
2025-05-15 01:06:16,602 - INFO - Converting JAVA data to parquet format.
2025-05-15 01:06:21,663 - INFO - Saved parquet file to ./filtered_data_parquet/java.parquet.
2025-05-15 01:06:21,677 - INFO - Successfully processed JAVA language.
2025-05-15 01:06:21,677 - INFO - Processing JAVASCRIPT data...
2025-05-15 01:06:21,677 - INFO - Loading data from ./filtered_data/javascript.json.
2025-05-15 01:06:29,073 - INFO - Converting JAVASCRIPT data to parquet format.
2025-05-15 01:06:32,764 - INFO - Saved parquet file to ./filtered_data_parquet/javascript.parquet.
2025-05-15 01:06:32,780 - INFO - Successfully processed JAVASCRIPT language.
2025-05-15 01:06:32,780 - INFO - Processing KOTLIN data...
2025-05-15 01:06:32,780 - INFO - Loading data from ./filtered_data/kotlin.json.
2025-05-15 01:06:39,029 - INFO - Converting KOTLIN data to parquet format.
2025-05-15 01:06:42,175 - INFO - Saved parquet file to ./filtered_data_parquet/kotlin.parquet.
2025-05-15 01:06:42,187 - INFO - Successfully processed KOTLIN language.
2025-05-15 01:06:42,187 - INFO - Processing PYTHON data...
2025-05-15 01:06:42,187 - INFO - Loading data from ./filtered_data/python.json.
2025-05-15 01:06:51,706 - INFO - Converting PYTHON data to parquet format.
2025-05-15 01:06:57,329 - INFO - Saved parquet file to ./filtered_data_parquet/python.parquet.
2025-05-15 01:06:57,342 - INFO - Successfully processed PYTHON language.
2025-05-15 01:06:57,343 - INFO - Processing RUBY data...
2025-05-15 01:06:57,343 - INFO - Loading data from ./filtered_data/ruby.json.
2025-05-15 01:07:03,126 - INFO - Converting RUBY data to parquet format.
2025-05-15 01:07:05,543 - INFO - Saved parquet file to ./filtered_data_parquet/ruby.parquet.
2025-05-15 01:07:05,556 - INFO - Successfully processed RUBY language.
2025-05-15 01:07:05,556 - INFO - Processing RUST data...
2025-05-15 01:07:05,556 - INFO - Loading data from ./filtered_data/rust.json.
2025-05-15 01:07:11,580 - INFO - Converting RUST data to parquet format.
2025-05-15 01:07:15,074 - INFO - Saved parquet file to ./filtered_data_parquet/rust.parquet.
2025-05-15 01:07:15,082 - INFO - Successfully processed RUST language.
2025-05-15 01:07:15,082 - INFO - Processing SCALA data...
2025-05-15 01:07:15,082 - INFO - Loading data from ./filtered_data/scala.json.
2025-05-15 01:07:19,508 - INFO - Converting SCALA data to parquet format.
2025-05-15 01:07:21,916 - INFO - Saved parquet file to ./filtered_data_parquet/scala.parquet.
2025-05-15 01:07:21,924 - INFO - Successfully processed SCALA language.
2025-05-15 01:07:21,924 - INFO - Processing TYPESCRIPT data...
2025-05-15 01:07:21,924 - INFO - Loading data from ./filtered_data/typescript.json.
2025-05-15 01:07:28,490 - INFO - Converting TYPESCRIPT data to parquet format.
2025-05-15 01:07:31,581 - INFO - Saved parquet file to ./filtered_data_parquet/typescript.parquet.
2025-05-15 01:07:31,597 - INFO - Successfully processed TYPESCRIPT language.
2025-05-15 01:07:31,597 - INFO - Processing complete. Successfully processed 12 of 12 languages.
